
=INFO REPORT==== 30-Oct-2015::00:01:29 ===
    ts_config_server:(5:<0.72.0>) Config server started, logdir is "/home/ec2-user/.tsung/log/20151030-0001"
 
=INFO REPORT==== 30-Oct-2015::00:01:29 ===
              ts_mon:(5:<0.54.0>) starting monitor, global 

=INFO REPORT==== 30-Oct-2015::00:01:29 ===
           ts_config:(5:<0.72.0>) Reading config file: simple.xml

=INFO REPORT==== 30-Oct-2015::00:01:29 ===
    ts_config_server:(0:<0.72.0>) Error while parsing XML config file: {fatal,
                                                                        {{error,
                                                                          {validity_constraint_Name_Token,
                                                                           47}},
                                                                         {file,
                                                                          "simple.xml"},
                                                                         {line,
                                                                          12},
                                                                         {col,
                                                                          33}}}

=ERROR REPORT==== 30-Oct-2015::00:01:29 ===
** Generic server ts_config_server terminating 
** Last message in was {get_monitor_hosts}
** When Server state == {state,undefined,
                               "/home/ec2-user/.tsung/log/20151030-0001",0,0,
                               0,undefined,1,undefined,'ip-10-67-167-18',0,0,
                               undefined,undefined}
** Reason for termination == 
** {{badrecord,config},
    [{ts_config_server,handle_call,3},
     {gen_server,handle_msg,5},
     {proc_lib,init_p_do_apply,3}]}

=INFO REPORT==== 30-Oct-2015::00:01:29 ===
    ts_config_server:(5:<0.91.0>) Config server started, logdir is "/home/ec2-user/.tsung/log/20151030-0001"
 