
=INFO REPORT==== 29-Nov-2015::02:20:24 ===
    ts_config_server:(5:<0.72.0>) Config server started, logdir is "/home/ec2-user/.tsung/log/20151129-0220"
 
=INFO REPORT==== 29-Nov-2015::02:20:24 ===
              ts_mon:(5:<0.54.0>) starting monitor, global 

=INFO REPORT==== 29-Nov-2015::02:20:24 ===
           ts_config:(5:<0.72.0>) Reading config file: simple.xml

=INFO REPORT==== 29-Nov-2015::02:20:24 ===
      ts_config_http:(4:<0.72.0>) Get user agent: 100 "Mozilla/5.0 (Windows; U; Windows NT 5.2; fr-FR; rv:1.7.8) Gecko/20050511 Firefox/1.0.4" 

=INFO REPORT==== 29-Nov-2015::02:20:24 ===
           ts_config:(5:<0.72.0>) Session name for id 1 is "probable-note-creator-navigation"

=INFO REPORT==== 29-Nov-2015::02:20:24 ===
           ts_config:(5:<0.72.0>) Session name for id 2 is "probable-user-navigation-1"

=INFO REPORT==== 29-Nov-2015::02:20:24 ===
           ts_config:(5:<0.72.0>) Session name for id 3 is "probable-user-navigation-2"

=INFO REPORT==== 29-Nov-2015::02:20:24 ===
    ts_config_server:(4:<0.72.0>) SYSINFO:Tsung version: 1.6.0

=INFO REPORT==== 29-Nov-2015::02:20:24 ===
    ts_config_server:(4:<0.72.0>) SYSINFO:Erlang version: Erlang R14B04 (erts-5.8.5) [source] [64-bit] [smp:8:8] [rq:8] [async-threads:8] [kernel-poll:true]


=INFO REPORT==== 29-Nov-2015::02:20:24 ===
    ts_config_server:(4:<0.72.0>) SYSINFO:System architecture x86_64-redhat-linux-gnu

=INFO REPORT==== 29-Nov-2015::02:20:24 ===
    ts_config_server:(4:<0.72.0>) SYSINFO:Current path: /usr/lib/erlang/lib/tsung-1.6.0/ebin/tsung.beam

=INFO REPORT==== 29-Nov-2015::02:20:24 ===
              ts_mon:(5:<0.73.0>) Activate clients with text backend

=INFO REPORT==== 29-Nov-2015::02:20:24 ===
              ts_mon:(5:<0.73.0>) Starting tsung clients on hosts: [localhost]

=INFO REPORT==== 29-Nov-2015::02:20:24 ===
    ts_config_server:(5:<0.72.0>) Start a launcher on the controller beam localhost

=INFO REPORT==== 29-Nov-2015::02:20:24 ===
  ts_launcher_static:(5:<0.128.0>) Launch msg receive ("localhost")

=INFO REPORT==== 29-Nov-2015::02:20:24 ===
         ts_launcher:(5:<0.129.0>) Launch msg receive ("localhost")

=INFO REPORT==== 29-Nov-2015::02:20:24 ===
    ts_config_server:(5:<0.72.0>) All remote beams started, syncing 

=INFO REPORT==== 29-Nov-2015::02:20:24 ===
    ts_config_server:(5:<0.72.0>) Undefined ports_range config 

=INFO REPORT==== 29-Nov-2015::02:20:24 ===
    ts_config_server:(5:<0.72.0>) New arrival phase 1 for client "localhost" (last ? true): will start 30 users

=INFO REPORT==== 29-Nov-2015::02:20:24 ===
    ts_config_server:(5:<0.72.0>) New arrival phase 2 for client "localhost" (last ? true): will start 60 users

=INFO REPORT==== 29-Nov-2015::02:20:24 ===
    ts_config_server:(5:<0.72.0>) New arrival phase 3 for client "localhost" (last ? true): will start 120 users

=INFO REPORT==== 29-Nov-2015::02:20:24 ===
    ts_config_server:(5:<0.72.0>) New arrival phase 4 for client "localhost" (last ? true): will start 240 users

=INFO REPORT==== 29-Nov-2015::02:20:24 ===
    ts_config_server:(5:<0.72.0>) New arrival phase 5 for client "localhost" (last ? true): will start 480 users

=INFO REPORT==== 29-Nov-2015::02:20:24 ===
    ts_config_server:(5:<0.72.0>) New arrival phase 6 for client "localhost" (last ? true): will start 700 users

=INFO REPORT==== 29-Nov-2015::02:20:24 ===
    ts_config_server:(5:<0.72.0>) New arrival phase 7 for client "localhost" (last ? true): will start 1400 users

=INFO REPORT==== 29-Nov-2015::02:20:24 ===
    ts_config_server:(5:<0.72.0>) New arrival phase 8 for client "localhost" (last ? true): will start 1750 users

=INFO REPORT==== 29-Nov-2015::02:20:24 ===
    ts_config_server:(5:<0.72.0>) New arrival phase 9 for client "localhost" (last ? true): will start 350 users

=INFO REPORT==== 29-Nov-2015::02:20:24 ===
    ts_config_server:(5:<0.72.0>) New arrival phase 10 for client "localhost" (last ? true): will start 350 users

=INFO REPORT==== 29-Nov-2015::02:20:24 ===
         ts_launcher:(5:<0.129.0>) Expected duration of first phase: 30.0 sec (30 users) 

=INFO REPORT==== 29-Nov-2015::02:20:24 ===
         ts_launcher:(5:<0.129.0>) Activate launcher (30 users) in 1001 msec 

=INFO REPORT==== 29-Nov-2015::02:20:52 ===
         ts_launcher:(4:<0.129.0>) Need to wait 3.583 sec before changing phase, going to sleep

=INFO REPORT==== 29-Nov-2015::02:20:55 ===
         ts_launcher:(5:<0.129.0>) Waking up

=INFO REPORT==== 29-Nov-2015::02:20:55 ===
         ts_launcher:(5:<0.129.0>) Start a new arrival phase (60 users, 0.002); expected duration=30.0 sec

=INFO REPORT==== 29-Nov-2015::02:21:20 ===
         ts_launcher:(4:<0.129.0>) Need to wait 4.826 sec before changing phase, going to sleep

=INFO REPORT==== 29-Nov-2015::02:21:25 ===
         ts_launcher:(5:<0.129.0>) Waking up

=INFO REPORT==== 29-Nov-2015::02:21:25 ===
         ts_launcher:(5:<0.129.0>) Start a new arrival phase (120 users, 0.004); expected duration=30.0 sec

=INFO REPORT==== 29-Nov-2015::02:21:54 ===
         ts_launcher:(4:<0.129.0>) Need to wait 1.614 sec before changing phase, going to sleep

=INFO REPORT==== 29-Nov-2015::02:21:55 ===
         ts_launcher:(5:<0.129.0>) Waking up

=INFO REPORT==== 29-Nov-2015::02:21:55 ===
         ts_launcher:(5:<0.129.0>) Start a new arrival phase (240 users, 0.008); expected duration=30.0 sec

=INFO REPORT==== 29-Nov-2015::02:22:23 ===
         ts_launcher:(4:<0.129.0>) Need to wait 2.291 sec before changing phase, going to sleep

=INFO REPORT==== 29-Nov-2015::02:22:25 ===
         ts_launcher:(5:<0.129.0>) Waking up

=INFO REPORT==== 29-Nov-2015::02:22:25 ===
         ts_launcher:(5:<0.129.0>) Start a new arrival phase (480 users, 0.016); expected duration=30.0 sec

=INFO REPORT==== 29-Nov-2015::02:22:55 ===
         ts_launcher:(5:<0.129.0>) Phase duration exceeded, but not all users were launched (19 users, 4.0% of phase)

=INFO REPORT==== 29-Nov-2015::02:22:55 ===
         ts_launcher:(5:<0.129.0>) Start a new arrival phase (700 users, 0.02); expected duration=35.0 sec

=INFO REPORT==== 29-Nov-2015::02:23:30 ===
         ts_launcher:(4:<0.129.0>) Need to wait 0.226 sec before changing phase, going to sleep

=INFO REPORT==== 29-Nov-2015::02:23:30 ===
         ts_launcher:(5:<0.129.0>) Waking up

=INFO REPORT==== 29-Nov-2015::02:23:30 ===
         ts_launcher:(5:<0.129.0>) Start a new arrival phase (1400 users, 0.04); expected duration=35.0 sec

=INFO REPORT==== 29-Nov-2015::02:23:41 ===
           ts_client:(5:<0.1909.0>) connection close while sending message!

=INFO REPORT==== 29-Nov-2015::02:23:41 ===
           ts_client:(5:<0.1909.0>) Server must have closed connection upon us, waiting 10 msec

=INFO REPORT==== 29-Nov-2015::02:23:52 ===
           ts_client:(5:<0.1964.0>) connection close while sending message!

=INFO REPORT==== 29-Nov-2015::02:23:52 ===
           ts_client:(5:<0.1964.0>) Server must have closed connection upon us, waiting 10 msec

=INFO REPORT==== 29-Nov-2015::02:23:55 ===
           ts_client:(5:<0.2444.0>) connection close while sending message!

=INFO REPORT==== 29-Nov-2015::02:23:55 ===
           ts_client:(5:<0.2444.0>) Server must have closed connection upon us, waiting 10 msec

=INFO REPORT==== 29-Nov-2015::02:23:56 ===
           ts_client:(5:<0.2230.0>) connection close while sending message!

=INFO REPORT==== 29-Nov-2015::02:23:56 ===
           ts_client:(5:<0.2230.0>) Server must have closed connection upon us, waiting 10 msec

=INFO REPORT==== 29-Nov-2015::02:23:58 ===
           ts_client:(5:<0.2325.0>) connection close while sending message!

=INFO REPORT==== 29-Nov-2015::02:23:58 ===
           ts_client:(5:<0.2325.0>) Server must have closed connection upon us, waiting 10 msec

=INFO REPORT==== 29-Nov-2015::02:23:59 ===
           ts_client:(5:<0.2143.0>) connection close while sending message!

=INFO REPORT==== 29-Nov-2015::02:23:59 ===
           ts_client:(5:<0.2143.0>) Server must have closed connection upon us, waiting 10 msec

=INFO REPORT==== 29-Nov-2015::02:24:02 ===
           ts_client:(5:<0.2552.0>) connection close while sending message!

=INFO REPORT==== 29-Nov-2015::02:24:02 ===
           ts_client:(5:<0.2552.0>) Server must have closed connection upon us, waiting 10 msec

=INFO REPORT==== 29-Nov-2015::02:24:04 ===
           ts_client:(5:<0.2570.0>) connection close while sending message!

=INFO REPORT==== 29-Nov-2015::02:24:04 ===
           ts_client:(5:<0.2570.0>) Server must have closed connection upon us, waiting 10 msec

=INFO REPORT==== 29-Nov-2015::02:24:04 ===
           ts_client:(5:<0.2863.0>) connection close while sending message!

=INFO REPORT==== 29-Nov-2015::02:24:04 ===
           ts_client:(5:<0.2863.0>) Server must have closed connection upon us, waiting 10 msec

=INFO REPORT==== 29-Nov-2015::02:24:04 ===
           ts_client:(5:<0.2860.0>) connection close while sending message!

=INFO REPORT==== 29-Nov-2015::02:24:04 ===
           ts_client:(5:<0.2860.0>) Server must have closed connection upon us, waiting 10 msec

=INFO REPORT==== 29-Nov-2015::02:24:05 ===
         ts_launcher:(4:<0.129.0>) Need to wait 0.028 sec before changing phase, going to sleep

=INFO REPORT==== 29-Nov-2015::02:24:05 ===
           ts_client:(5:<0.2697.0>) connection close while sending message!

=INFO REPORT==== 29-Nov-2015::02:24:05 ===
           ts_client:(5:<0.2697.0>) Server must have closed connection upon us, waiting 10 msec

=INFO REPORT==== 29-Nov-2015::02:24:05 ===
         ts_launcher:(5:<0.129.0>) Waking up

=INFO REPORT==== 29-Nov-2015::02:24:05 ===
         ts_launcher:(5:<0.129.0>) Start a new arrival phase (1750 users, 0.05); expected duration=35.0 sec

=INFO REPORT==== 29-Nov-2015::02:24:06 ===
           ts_client:(5:<0.2890.0>) connection close while sending message!

=INFO REPORT==== 29-Nov-2015::02:24:06 ===
           ts_client:(5:<0.2890.0>) Server must have closed connection upon us, waiting 10 msec

=INFO REPORT==== 29-Nov-2015::02:24:07 ===
           ts_client:(5:<0.2812.0>) connection close while sending message!

=INFO REPORT==== 29-Nov-2015::02:24:07 ===
           ts_client:(5:<0.2812.0>) Server must have closed connection upon us, waiting 10 msec

=INFO REPORT==== 29-Nov-2015::02:24:09 ===
           ts_client:(5:<0.2961.0>) connection close while sending message!

=INFO REPORT==== 29-Nov-2015::02:24:09 ===
           ts_client:(5:<0.2961.0>) Server must have closed connection upon us, waiting 10 msec

=INFO REPORT==== 29-Nov-2015::02:24:12 ===
           ts_client:(5:<0.3053.0>) connection close while sending message!

=INFO REPORT==== 29-Nov-2015::02:24:12 ===
           ts_client:(5:<0.3053.0>) Server must have closed connection upon us, waiting 10 msec

=INFO REPORT==== 29-Nov-2015::02:24:15 ===
           ts_client:(5:<0.2804.0>) connection close while sending message!

=INFO REPORT==== 29-Nov-2015::02:24:15 ===
           ts_client:(5:<0.2804.0>) Server must have closed connection upon us, waiting 10 msec

=INFO REPORT==== 29-Nov-2015::02:24:18 ===
           ts_client:(5:<0.3469.0>) connection close while sending message!

=INFO REPORT==== 29-Nov-2015::02:24:18 ===
           ts_client:(5:<0.3469.0>) Server must have closed connection upon us, waiting 10 msec

=INFO REPORT==== 29-Nov-2015::02:24:20 ===
           ts_client:(5:<0.3238.0>) connection close while sending message!

=INFO REPORT==== 29-Nov-2015::02:24:20 ===
           ts_client:(5:<0.3238.0>) Server must have closed connection upon us, waiting 10 msec

=INFO REPORT==== 29-Nov-2015::02:24:23 ===
           ts_client:(5:<0.3730.0>) connection close while sending message!

=INFO REPORT==== 29-Nov-2015::02:24:23 ===
           ts_client:(5:<0.3730.0>) Server must have closed connection upon us, waiting 10 msec

=INFO REPORT==== 29-Nov-2015::02:24:24 ===
           ts_client:(5:<0.3698.0>) connection close while sending message!

=INFO REPORT==== 29-Nov-2015::02:24:24 ===
           ts_client:(5:<0.3698.0>) Server must have closed connection upon us, waiting 10 msec

=INFO REPORT==== 29-Nov-2015::02:24:24 ===
           ts_client:(5:<0.3564.0>) connection close while sending message!

=INFO REPORT==== 29-Nov-2015::02:24:24 ===
           ts_client:(5:<0.3564.0>) Server must have closed connection upon us, waiting 10 msec

=INFO REPORT==== 29-Nov-2015::02:24:26 ===
           ts_client:(5:<0.3447.0>) connection close while sending message!

=INFO REPORT==== 29-Nov-2015::02:24:26 ===
           ts_client:(5:<0.3447.0>) Server must have closed connection upon us, waiting 10 msec

=INFO REPORT==== 29-Nov-2015::02:24:31 ===
           ts_client:(5:<0.4006.0>) connection close while sending message!

=INFO REPORT==== 29-Nov-2015::02:24:31 ===
           ts_client:(5:<0.4006.0>) Server must have closed connection upon us, waiting 10 msec

=INFO REPORT==== 29-Nov-2015::02:24:32 ===
           ts_client:(5:<0.4090.0>) connection close while sending message!

=INFO REPORT==== 29-Nov-2015::02:24:32 ===
           ts_client:(5:<0.4090.0>) Server must have closed connection upon us, waiting 10 msec

=INFO REPORT==== 29-Nov-2015::02:24:33 ===
           ts_client:(5:<0.3995.0>) connection close while sending message!

=INFO REPORT==== 29-Nov-2015::02:24:33 ===
           ts_client:(5:<0.3995.0>) Server must have closed connection upon us, waiting 10 msec

=INFO REPORT==== 29-Nov-2015::02:24:33 ===
           ts_client:(5:<0.4189.0>) connection close while sending message!

=INFO REPORT==== 29-Nov-2015::02:24:33 ===
           ts_client:(5:<0.4189.0>) Server must have closed connection upon us, waiting 10 msec

=INFO REPORT==== 29-Nov-2015::02:24:36 ===
           ts_client:(5:<0.4146.0>) connection close while sending message!

=INFO REPORT==== 29-Nov-2015::02:24:36 ===
           ts_client:(5:<0.4146.0>) Server must have closed connection upon us, waiting 10 msec

=INFO REPORT==== 29-Nov-2015::02:24:36 ===
           ts_client:(5:<0.4169.0>) connection close while sending message!

=INFO REPORT==== 29-Nov-2015::02:24:36 ===
           ts_client:(5:<0.4169.0>) Server must have closed connection upon us, waiting 10 msec

=INFO REPORT==== 29-Nov-2015::02:24:37 ===
           ts_client:(5:<0.4093.0>) connection close while sending message!

=INFO REPORT==== 29-Nov-2015::02:24:37 ===
           ts_client:(5:<0.4093.0>) Server must have closed connection upon us, waiting 10 msec

=INFO REPORT==== 29-Nov-2015::02:24:39 ===
           ts_client:(5:<0.4088.0>) connection close while sending message!

=INFO REPORT==== 29-Nov-2015::02:24:39 ===
           ts_client:(5:<0.4088.0>) Server must have closed connection upon us, waiting 10 msec

=INFO REPORT==== 29-Nov-2015::02:24:40 ===
         ts_launcher:(5:<0.129.0>) Phase duration exceeded, but not all users were launched (91 users, 5.2% of phase)

=INFO REPORT==== 29-Nov-2015::02:24:40 ===
         ts_launcher:(5:<0.129.0>) Start a new arrival phase (350 users, 0.01); expected duration=35.0 sec

=INFO REPORT==== 29-Nov-2015::02:24:42 ===
           ts_client:(5:<0.4347.0>) connection close while sending message!

=INFO REPORT==== 29-Nov-2015::02:24:42 ===
           ts_client:(5:<0.4347.0>) Server must have closed connection upon us, waiting 10 msec

=INFO REPORT==== 29-Nov-2015::02:24:43 ===
           ts_client:(5:<0.4665.0>) connection close while sending message!

=INFO REPORT==== 29-Nov-2015::02:24:43 ===
           ts_client:(5:<0.4665.0>) Server must have closed connection upon us, waiting 10 msec

=INFO REPORT==== 29-Nov-2015::02:24:47 ===
           ts_client:(5:<0.4747.0>) connection close while sending message!

=INFO REPORT==== 29-Nov-2015::02:24:47 ===
           ts_client:(5:<0.4747.0>) Server must have closed connection upon us, waiting 10 msec

=INFO REPORT==== 29-Nov-2015::02:24:47 ===
           ts_client:(5:<0.4398.0>) connection close while sending message!

=INFO REPORT==== 29-Nov-2015::02:24:47 ===
           ts_client:(5:<0.4398.0>) Server must have closed connection upon us, waiting 10 msec

=INFO REPORT==== 29-Nov-2015::02:25:15 ===
         ts_launcher:(4:<0.129.0>) Need to wait 0.463 sec before changing phase, going to sleep

=INFO REPORT==== 29-Nov-2015::02:25:15 ===
         ts_launcher:(5:<0.129.0>) Waking up

=INFO REPORT==== 29-Nov-2015::02:25:15 ===
         ts_launcher:(5:<0.129.0>) Start a new arrival phase (350 users, 0.01); expected duration=35.0 sec

=INFO REPORT==== 29-Nov-2015::02:25:50 ===
         ts_launcher:(5:<0.129.0>) Phase duration exceeded, but not all users were launched (5 users, 1.4% of phase)

=INFO REPORT==== 29-Nov-2015::02:25:50 ===
         ts_launcher:(5:<0.129.0>) This was the last phase, wait for connected users to finish their session

=INFO REPORT==== 29-Nov-2015::02:26:30 ===
     ts_launcher_mgr:(5:<0.123.0>) No more active users 'tsung_controller@ip-172-30-3-126' "8425"
