# stats: dump at 1448763634
stats: users 6 7
stats: {load,"tsung_controller@ip-172-30-3-126"} 1 0.0 0 0.0 0.0 0 0
stats: {freemem,"tsung_controller@ip-172-30-3-126"} 1 29464.80078125 0 29464.80078125 29464.80078125 0 0
stats: {cpu,"tsung_controller@ip-172-30-3-126"} 1 0.6050002390171614 0 0.6050002390171614 0.6050002390171614 0 0
stats: session 1 6914.90478515625 0 6914.90478515625 6914.90478515625 0 0
stats: users_count 7 7
stats: finish_users_count 1 1
stats: request 27 39.4397876880787 33.75494592040403 135.0908203125 7.64697265625 0 0
stats: connect 6 13.201497395833334 27.518714582461985 74.735107421875 0.844970703125 0 0
stats: page 25 42.605253906250006 35.81566949798293 151.02783203125 7.64697265625 0 0
stats: 302 4 4
stats: 200 23 23
stats: size_rcv 188554 188554
stats: size_sent 15750 15750
stats: connected 6 6
# stats: dump at 1448763644
stats: users 10 10
stats: {load,"tsung_controller@ip-172-30-3-126"} 1 0.26953125 0.0 0.26953125 0.0 0.0 1
stats: {freemem,"tsung_controller@ip-172-30-3-126"} 1 29461.84765625 0.0 29464.80078125 29461.84765625 29464.80078125 1
stats: {recvpackets,"tsung_controller@ip-172-30-3-126"} 1 421 0 421 421 0 0
stats: {sentpackets,"tsung_controller@ip-172-30-3-126"} 1 272 0 272 272 0 0
stats: {cpu,"tsung_controller@ip-172-30-3-126"} 1 0.33515392254220455 0.0 0.6050002390171614 0.33515392254220455 0.6050002390171614 1
stats: session 6 6799.4406331380205 5126.964285376043 12974.93505859375 1092.94189453125 6914.90478515625 1
stats: users_count 10 17
stats: finish_users_count 6 7
stats: request 28 28.756208147321427 26.348186856841092 135.0908203125 7.45703125 39.4397876880787 27
stats: connect 9 0.8802354600694444 0.02075214815290528 74.735107421875 0.842041015625 13.201497395833334 6
stats: page 28 28.756208147321427 26.348186856841092 151.02783203125 7.45703125 42.605253906250006 25
stats: 302 2 6
stats: 200 26 49
stats: size_rcv 194508 383062
stats: size_sent 15304 31054
stats: connected 2 8
# stats: dump at 1448763654
stats: users 15 16
stats: {load,"tsung_controller@ip-172-30-3-126"} 1 0.23046875 0.0 0.26953125 0.0 0.134765625 2
stats: {freemem,"tsung_controller@ip-172-30-3-126"} 1 29460.984375 0.0 29464.80078125 29460.984375 29463.32421875 2
stats: {recvpackets,"tsung_controller@ip-172-30-3-126"} 1 282.0 0.0 421 282 421.0 1
stats: {sentpackets,"tsung_controller@ip-172-30-3-126"} 1 210.0 0.0 272 210 272.0 1
stats: {cpu,"tsung_controller@ip-172-30-3-126"} 1 0.16135037855281123 0.0 0.6050002390171614 0.16135037855281123 0.47007708077968297 2
stats: session 8 9419.60629272461 4468.774813732865 18323.6728515625 1092.94189453125 6815.935511997768 7
stats: users_count 13 30
stats: finish_users_count 8 15
stats: request 89 37.49066779318818 50.898920833276314 390.287109375 6.722900390625 34.000874467329545 55
stats: connect 15 0.848876953125 0.06874224301128687 74.735107421875 0.64501953125 5.808740234375 15
stats: page 81 41.20359218267748 53.90769370493474 390.287109375 6.722900390625 35.288776901533026 53
stats: 302 21 27
stats: 200 68 117
stats: size_rcv 621226 1004288
stats: size_sent 57514 88568
stats: connected 7 15
# stats: dump at 1448763664
stats: users 21 24
stats: {load,"tsung_controller@ip-172-30-3-126"} 1 0.19921875 0.0 0.26953125 0.0 0.16666666666666666 3
stats: {freemem,"tsung_controller@ip-172-30-3-126"} 1 29456.171875 0.0 29464.80078125 29456.171875 29462.544270833332 3
stats: {recvpackets,"tsung_controller@ip-172-30-3-126"} 1 703.0 0.0 703 282 351.5 2
stats: {sentpackets,"tsung_controller@ip-172-30-3-126"} 1 423.0 0.0 423 210 241.0 2
stats: {cpu,"tsung_controller@ip-172-30-3-126"} 1 0.2110752421157189 0.0 0.6050002390171614 0.16135037855281123 0.36716818003739243 3
stats: session 14 10760.463169642857 7560.554810403615 28823.941162109375 1092.94189453125 8204.559928385417 15
stats: users_count 20 50
stats: finish_users_count 14 29
stats: request 123 33.6989031535823 51.125208172428756 499.510986328125 6.47412109375 36.15776062011717 144
stats: connect 19 0.8614052220394737 0.10058812228634623 74.735107421875 0.64501953125 3.32880859375 30
stats: page 117 35.432103866185905 53.08492621088479 499.510986328125 6.47412109375 38.86415031774722 134
stats: 302 29 56
stats: 200 94 211
stats: size_rcv 837271 1841559
stats: newphase 1 1
stats: size_sent 85852 174420
stats: connected 7 22
# stats: dump at 1448763674
stats: users 32 33
stats: {load,"tsung_controller@ip-172-30-3-126"} 1 0.171875 0.0 0.26953125 0.0 0.1748046875 4
stats: {freemem,"tsung_controller@ip-172-30-3-126"} 1 29454.0390625 0.0 29464.80078125 29454.0390625 29460.951171875 4
stats: {recvpackets,"tsung_controller@ip-172-30-3-126"} 1 1077.0 0.0 1077 282 468.6666666666667 3
stats: {sentpackets,"tsung_controller@ip-172-30-3-126"} 1 676.0 0.0 676 210 301.6666666666667 3
stats: {cpu,"tsung_controller@ip-172-30-3-126"} 1 0.29787762194365147 0.0 0.6050002390171614 0.16135037855281123 0.32814494555697404 4
stats: session 13 13081.487774188701 7656.070762677287 28881.754150390625 1092.94189453125 9438.444251751078 29
stats: users_count 24 74
stats: finish_users_count 13 42
stats: request 147 28.680280412946427 28.707968064655333 499.510986328125 6.47412109375 35.02502852879212 267
stats: connect 24 0.8744608561197916 0.07861467061417667 74.735107421875 0.64501953125 2.3720603475765305 49
stats: page 143 29.485793747268357 29.65515980164996 499.510986328125 6.47412109375 37.264351772597124 251
stats: 302 42 98
stats: 200 105 316
stats: size_rcv 929010 2770569
stats: newphase 0 1
stats: size_sent 103397 277817
stats: connected 10 32
# stats: dump at 1448763684
stats: users 33 37
stats: {load,"tsung_controller@ip-172-30-3-126"} 1 0.140625 0.0 0.26953125 0.0 0.17421875 5
stats: {freemem,"tsung_controller@ip-172-30-3-126"} 1 29451.1484375 0.0 29464.80078125 29451.1484375 29459.56875 5
stats: {recvpackets,"tsung_controller@ip-172-30-3-126"} 1 1157.0 0.0 1157 282 620.75 4
stats: {sentpackets,"tsung_controller@ip-172-30-3-126"} 1 763.0 0.0 763 210 395.25 4
stats: {cpu,"tsung_controller@ip-172-30-3-126"} 1 0.2980255805289954 0.0 0.6050002390171614 0.16135037855281123 0.3220914808343095 5
stats: session 15 11597.592171223958 7062.980213710146 28881.754150390625 400.914794921875 10566.052961077008 42
stats: users_count 16 90
stats: finish_users_count 15 57
stats: request 166 35.26994158273722 41.405238053464785 499.510986328125 6.12109375 32.77218318331068 414
stats: connect 17 0.8748707490808824 0.044630750673022926 74.735107421875 0.64501953125 1.8796988709332192 73
stats: page 162 36.14348988474151 42.31104199292415 499.510986328125 6.12109375 34.44116954513009 394
stats: 302 45 143
stats: 200 121 437
stats: size_rcv 1217889 3988458
stats: newphase 0 1
stats: size_sent 124607 402424
stats: connected 2 34
# stats: dump at 1448763694
stats: users 41 45
stats: {load,"tsung_controller@ip-172-30-3-126"} 1 0.12109375 0.0 0.26953125 0.0 0.16861979166666666 6
stats: {freemem,"tsung_controller@ip-172-30-3-126"} 1 29445.51953125 0.0 29464.80078125 29445.51953125 29458.165364583332 6
stats: {recvpackets,"tsung_controller@ip-172-30-3-126"} 1 1419.0 0.0 1419 282 728.0 5
stats: {sentpackets,"tsung_controller@ip-172-30-3-126"} 1 840.0 0.0 840 210 468.8 5
stats: {cpu,"tsung_controller@ip-172-30-3-126"} 1 0.298099614954664 0.0 0.6050002390171614 0.16135037855281123 0.31808049745009054 6
stats: session 28 14785.399536132809 10459.51943465243 44067.666015625 400.914794921875 10837.510647957784 57
stats: users_count 36 126
stats: finish_users_count 28 85
stats: request 224 29.064453125 28.872470325551284 499.510986328125 6.12109375 33.48705886314655 580
stats: connect 36 0.9739854600694441 0.6656999693159169 74.735107421875 0.64501953125 1.6898980034722222 90
stats: page 216 30.145077175564236 30.153772968624505 499.510986328125 6.12109375 34.937169356311834 556
stats: 302 59 202
stats: 200 165 602
stats: size_rcv 1481998 5470456
stats: newphase 1 2
stats: size_sent 156190 558614
stats: connected 11 45
# stats: dump at 1448763704
stats: users 60 60
stats: {load,"tsung_controller@ip-172-30-3-126"} 1 0.1015625 0.0 0.26953125 0.0 0.16183035714285715 7
stats: {freemem,"tsung_controller@ip-172-30-3-126"} 1 29442.67578125 0.0 29464.80078125 29442.67578125 29456.358816964286 7
stats: {recvpackets,"tsung_controller@ip-172-30-3-126"} 1 1869.0 0.0 1869 282 843.1666666666666 6
stats: {sentpackets,"tsung_controller@ip-172-30-3-126"} 1 1265.0 0.0 1265 210 530.6666666666666 6
stats: {cpu,"tsung_controller@ip-172-30-3-126"} 1 0.38514101130575223 0.0 0.6050002390171614 0.16135037855281123 0.31522608566502963 7
stats: session 28 15097.39147077288 9956.048844072537 44067.666015625 400.914794921875 12137.991693474263 85
stats: users_count 47 173
stats: finish_users_count 28 113
stats: request 291 29.831395309815303 29.508514136162933 499.510986328125 5.869140625 32.25489010027985 804
stats: connect 45 0.8035319010416667 0.06641981996001275 74.735107421875 0.60302734375 1.4853515625 126
stats: page 279 31.11853771141349 31.076314984362572 499.510986328125 5.869140625 33.59637672542908 772
stats: 302 77 279
stats: 200 214 816
stats: size_rcv 1994250 7464706
stats: newphase 0 2
stats: size_sent 204273 762887
stats: connected 13 58
# stats: dump at 1448763714
stats: users 57 60
stats: {load,"tsung_controller@ip-172-30-3-126"} 1 0.171875 0.0 0.26953125 0.0 0.154296875 8
stats: {freemem,"tsung_controller@ip-172-30-3-126"} 1 29436.71484375 0.0 29464.80078125 29436.71484375 29454.6484375 8
stats: {recvpackets,"tsung_controller@ip-172-30-3-126"} 1 2419.0 0.0 2419 282 989.7142857142857 7
stats: {sentpackets,"tsung_controller@ip-172-30-3-126"} 1 1575.0 0.0 1575 210 635.5714285714286 7
stats: {cpu,"tsung_controller@ip-172-30-3-126"} 1 1.4906832298136645 0.0 1.4906832298136645 0.16135037855281123 0.32396545137011995 8
stats: session 40 13600.380279541016 8693.711576948537 44067.666015625 400.914794921875 12871.294293158877 113
stats: users_count 37 210
stats: finish_users_count 40 153
stats: request 326 35.0854125227665 49.43175343357443 531.2119140625 5.869140625 31.6108380600742 1095
stats: connect 39 0.8031600560897436 0.10230114013714693 74.735107421875 0.60302734375 1.3059253358004386 171
stats: page 312 36.23507220928489 50.97490890475092 531.2119140625 5.869140625 32.938605950062424 1051
stats: 302 89 368
stats: 200 237 1053
stats: size_rcv 2305915 9770621
stats: newphase 0 2
stats: size_sent 240210 1003097
stats: connected 2 60
# stats: dump at 1448763724
stats: users 82 84
stats: {load,"tsung_controller@ip-172-30-3-126"} 1 0.140625 0.0 0.26953125 0.0 0.15625 9
stats: {freemem,"tsung_controller@ip-172-30-3-126"} 1 29435.03125 0.0 29464.80078125 29435.03125 29452.655815972223 9
stats: {recvpackets,"tsung_controller@ip-172-30-3-126"} 1 3182.0 0.0 3182 282 1168.375 8
stats: {sentpackets,"tsung_controller@ip-172-30-3-126"} 1 2077.0 0.0 2077 210 753.0 8
stats: {cpu,"tsung_controller@ip-172-30-3-126"} 1 1.6383269206900832 0.0 1.6383269206900832 0.16135037855281123 0.4536007600860693 9
stats: session 39 14206.57708583734 8264.881841673621 44067.666015625 400.914794921875 13061.9050085529 153
stats: users_count 64 274
stats: finish_users_count 39 192
stats: request 395 29.66763498813292 30.64328608604564 531.2119140625 5.869140625 32.40796070246525 1421
stats: connect 62 0.8383316532258065 0.12306767800038752 74.735107421875 0.60302734375 1.2125546409970238 210
stats: page 379 31.277299302234493 32.80315986154672 531.2119140625 5.869140625 33.693189569194786 1363
stats: 302 117 485
stats: 200 278 1331
stats: size_rcv 2515006 12285627
stats: newphase 1 3
stats: size_sent 276210 1279307
stats: connected 21 81
# stats: dump at 1448763734
stats: users 114 114
stats: {load,"tsung_controller@ip-172-30-3-126"} 1 0.12109375 0.0 0.26953125 0.0 0.1546875 10
stats: {freemem,"tsung_controller@ip-172-30-3-126"} 1 29426.83984375 0.0 29464.80078125 29426.83984375 29450.893359375 10
stats: {recvpackets,"tsung_controller@ip-172-30-3-126"} 1 3148.0 0.0 3182 282 1392.111111111111 9
stats: {sentpackets,"tsung_controller@ip-172-30-3-126"} 1 2147.0 0.0 2147 210 900.1111111111111 9
stats: {cpu,"tsung_controller@ip-172-30-3-126"} 1 0.6947890818858561 0.0 1.6383269206900832 0.16135037855281123 0.5720733761464707 10
stats: session 62 11702.300143334174 8580.78651042897 44067.666015625 400.914794921875 13294.416524251303 192
stats: users_count 94 368
stats: finish_users_count 62 254
stats: request 569 31.70162711788775 32.29388011572895 531.2119140625 5.869140625 31.811909679799353 1816
stats: connect 94 0.867930310837766 0.5050848003903574 74.735107421875 0.60302734375 1.127253812902114 272
stats: page 547 32.98030628713437 33.891362478272576 531.2119140625 5.869140625 33.167573948541545 1742
stats: 302 143 628
stats: 200 426 1757
stats: size_rcv 3942488 16228115
stats: newphase 0 3
stats: size_sent 390428 1669735
stats: connected 33 114
# stats: dump at 1448763744
stats: users 123 142
stats: {load,"tsung_controller@ip-172-30-3-126"} 1 0.1015625 0.0 0.26953125 0.0 0.15163352272727273 11
stats: {freemem,"tsung_controller@ip-172-30-3-126"} 1 29421.09765625 0.0 29464.80078125 29421.09765625 29448.706676136364 11
stats: {recvpackets,"tsung_controller@ip-172-30-3-126"} 1 5040.0 0.0 5040 282 1567.7 10
stats: {sentpackets,"tsung_controller@ip-172-30-3-126"} 1 3392.0 0.0 3392 210 1024.8 10
stats: {cpu,"tsung_controller@ip-172-30-3-126"} 1 0.9191404794435474 0.0 1.6383269206900832 0.16135037855281123 0.5832293493955057 11
stats: session 73 11753.628832673372 6958.524088875884 44067.666015625 400.914794921875 12905.78969111405 254
stats: users_count 82 450
stats: finish_users_count 73 327
stats: request 720 35.77450018988711 34.50150405962298 531.2119140625 5.869140625 31.785599081171384 2385
stats: connect 84 0.7714669363839283 0.07206279107140748 74.735107421875 0.552978515625 1.0606516019894126 366
stats: page 684 37.661881296258215 36.70740115759376 531.2119140625 5.869140625 33.12282278611703 2289
stats: 302 191 819
stats: 200 529 2286
stats: size_rcv 5324400 21552515
stats: newphase 0 3
stats: size_sent 526382 2196117
stats: connected 9 123
# stats: dump at 1448763754
stats: users 162 164
stats: {load,"tsung_controller@ip-172-30-3-126"} 1 0.08984375 0.0 0.26953125 0.0 0.1474609375 12
stats: {freemem,"tsung_controller@ip-172-30-3-126"} 1 29413.78125 0.0 29464.80078125 29413.78125 29446.405924479168 12
stats: {recvpackets,"tsung_controller@ip-172-30-3-126"} 1 6230.0 0.0 6230 282 1883.3636363636363 11
stats: {sentpackets,"tsung_controller@ip-172-30-3-126"} 1 3953.0 0.0 3953 210 1240.0 11
stats: {cpu,"tsung_controller@ip-172-30-3-126"} 1 0.9814883836501429 0.0 1.6383269206900832 0.16135037855281123 0.6112219435661759 12
stats: session 99 13911.15159899779 8594.192580151992 44067.666015625 400.914794921875 12648.57946889335 327
stats: users_count 138 588
stats: finish_users_count 99 426
stats: request 814 33.223527538102736 34.24859331093257 531.2119140625 5.869140625 32.710561657105465 3105
stats: connect 135 1.0228497540509256 2.1010308450061332 74.735107421875 0.552978515625 1.0066704644097222 450
stats: page 778 34.765290169605585 36.20954743576277 531.2119140625 5.869140625 34.16712686312227 2973
stats: 302 220 1039
stats: 200 594 2880
stats: size_rcv 5445022 26997537
stats: newphase 1 4
stats: size_sent 568182 2764299
stats: connected 38 161
# stats: dump at 1448763764
stats: users 227 234
stats: {load,"tsung_controller@ip-172-30-3-126"} 1 0.0703125 0.0 0.26953125 0.0 0.14302884615384615 13
stats: {freemem,"tsung_controller@ip-172-30-3-126"} 1 29413.54296875 0.0 29464.80078125 29413.54296875 29443.896334134617 13
stats: {recvpackets,"tsung_controller@ip-172-30-3-126"} 1 6817.0 0.0 6817 282 2245.5833333333335 12
stats: {sentpackets,"tsung_controller@ip-172-30-3-126"} 1 4667.0 0.0 4667 210 1466.0833333333333 12
stats: {cpu,"tsung_controller@ip-172-30-3-126"} 1 1.167846937507765 0.0 1.6383269206900832 0.16135037855281123 0.6397039774187887 13
stats: session 86 12008.653161337204 7926.860183142319 44067.666015625 210.9140625 12941.994118847198 426
stats: users_count 151 739
stats: finish_users_count 86 512
stats: request 1056 37.9842152451024 33.29060194066492 531.2119140625 5.869140625 32.817107772729806 3919
stats: connect 151 0.8405891064776491 0.9816779902401784 74.735107421875 0.552978515625 1.0104041466346154 585
stats: page 1031 38.72590538047101 34.53219713550958 531.2119140625 5.869140625 34.29119272621052 3751
stats: 302 264 1303
stats: 200 792 3672
stats: size_rcv 7535456 34532993
stats: newphase 0 4
stats: size_sent 747674 3511973
stats: connected 67 228
# stats: dump at 1448763774
stats: users 234 243
stats: {load,"tsung_controller@ip-172-30-3-126"} 1 0.05859375 0.0 0.26953125 0.0 0.13783482142857142 14
stats: {freemem,"tsung_controller@ip-172-30-3-126"} 1 29396.26171875 0.0 29464.80078125 29396.26171875 29441.72823660714 14
stats: {recvpackets,"tsung_controller@ip-172-30-3-126"} 1 9045.0 0.0 9045 282 2597.230769230769 13
stats: {sentpackets,"tsung_controller@ip-172-30-3-126"} 1 6068.0 0.0 6068 210 1712.3076923076924 13
stats: {cpu,"tsung_controller@ip-172-30-3-126"} 1 1.502359076235411 0.0 1.6383269206900832 0.16135037855281123 0.6774284745680014 14
stats: session 150 13498.897812500001 8761.032779308305 44271.5390625 210.9140625 12785.222004890442 512
stats: users_count 157 896
stats: finish_users_count 150 662
stats: request 1236 46.4412425019594 40.429559352702036 531.2119140625 5.869140625 33.9138847558103 4975
stats: connect 154 0.8542512175324676 0.8709002108634011 74.735107421875 0.552978515625 0.975564376167629 736
stats: 302 349 1652
stats: page 1184 48.64272782609269 43.817377499861074 531.2119140625 5.869140625 35.24731751636998 4782
stats: 200 887 4559
stats: size_rcv 8755235 43288228
stats: newphase 0 4
stats: size_sent 906182 4418155
stats: connected 6 234
# stats: dump at 1448763784
stats: users 272 275
stats: {load,"tsung_controller@ip-172-30-3-126"} 1 0.05078125 0.0 0.26953125 0.0 0.13255208333333332 15
stats: {freemem,"tsung_controller@ip-172-30-3-126"} 1 29381.9609375 0.0 29464.80078125 29381.9609375 29438.697135416667 15
stats: {recvpackets,"tsung_controller@ip-172-30-3-126"} 1 10884.0 0.0 10884 282 3057.785714285714 14
stats: {sentpackets,"tsung_controller@ip-172-30-3-126"} 1 7240.0 0.0 7240 210 2023.4285714285713 14
stats: {cpu,"tsung_controller@ip-172-30-3-126"} 1 1.593823932262483 0.0 1.6383269206900832 0.16135037855281123 0.7324238480124953 15
stats: session 153 16104.363075405943 10027.858080859472 61014.823974609375 210.9140625 12946.93102474155 662
stats: users_count 191 1087
stats: finish_users_count 153 815
stats: connect 193 0.7860619737694301 0.14537758227193287 74.735107421875 0.552978515625 0.9545731105161517 890
stats: request 1357 50.35042329702471 43.96286388348314 531.2119140625 5.869140625 36.406851133887955 6211
stats: page 1320 51.76436453154593 47.60181824489024 531.2119140625 5.869140625 37.905742894632084 5966
stats: 302 397 2049
stats: 200 960 5519
stats: size_rcv 9017360 52305588
stats: newphase 1 5
stats: size_sent 977715 5395870
stats: connected 39 273
# stats: dump at 1448763794
stats: users 316 319
stats: {load,"tsung_controller@ip-172-30-3-126"} 1 0.0390625 0.0 0.26953125 0.0 0.12744140625 16
stats: {freemem,"tsung_controller@ip-172-30-3-126"} 1 29364.8828125 0.0 29464.80078125 29364.8828125 29435.151123046875 16
stats: {recvpackets,"tsung_controller@ip-172-30-3-126"} 1 11580.0 0.0 11580 282 3579.5333333333333 15
stats: {sentpackets,"tsung_controller@ip-172-30-3-126"} 1 7978.0 0.0 7978 210 2371.2 15
stats: {cpu,"tsung_controller@ip-172-30-3-126"} 1 2.0535158680771626 0.0 2.0535158680771626 0.16135037855281123 0.7862613532781195 16
stats: session 178 13445.677553326896 8642.23521755254 61014.823974609375 210.9140625 13539.675937320264 815
stats: users_count 222 1309
stats: finish_users_count 178 993
stats: request 1569 66.62117933148107 48.481990585059876 531.2119140625 5.869140625 38.90703974717767 7568
stats: connect 226 0.747216148714049 0.07305778106516796 74.735107421875 0.552978515625 0.9245429633396814 1083
stats: 302 440 2489
stats: page 1528 68.41102320486338 53.43365023157171 531.2119140625 5.869140625 40.41650058893983 7286
stats: 200 1129 6648
stats: size_rcv 10860953 63166541
stats: newphase 0 5
stats: size_sent 1140672 6536542
stats: connected 46 319
# stats: dump at 1448763804
stats: users 342 347
stats: {load,"tsung_controller@ip-172-30-3-126"} 1 0.12109375 0.0 0.26953125 0.0 0.12224264705882353 17
stats: {freemem,"tsung_controller@ip-172-30-3-126"} 1 29365.1015625 0.0 29464.80078125 29364.8828125 29431.017693014706 17
stats: {recvpackets,"tsung_controller@ip-172-30-3-126"} 1 13534.0 0.0 13534 282 4079.5625 16
stats: {sentpackets,"tsung_controller@ip-172-30-3-126"} 1 9092.0 0.0 9092 210 2721.625 16
stats: {cpu,"tsung_controller@ip-172-30-3-126"} 1 2.2800897084475453 0.0 2.2800897084475453 0.16135037855281123 0.8608057365015926 17
stats: session 164 15978.05376750667 9120.88672518721 61014.823974609375 210.9140625 13522.82627734965 993
stats: users_count 190 1499
stats: finish_users_count 164 1157
stats: connect 190 0.7645918996710523 0.15074630866164673 74.735107421875 0.552978515625 0.8939273330070665 1309
stats: request 1586 276.17757843902643 95.82375750969486 536.179931640625 5.869140625 43.66609468947515 9137
stats: page 1524 287.0848890089298 119.19736122633775 875.38720703125 5.869140625 45.269646783304616 8814
stats: 302 465 2954
stats: 200 1121 7769
stats: size_rcv 11263155 74429696
stats: newphase 0 5
stats: size_sent 1191345 7727887
stats: connected 24 343
# stats: dump at 1448763814
stats: users 412 413
stats: {load,"tsung_controller@ip-172-30-3-126"} 1 0.1015625 0.0 0.26953125 0.0 0.12217881944444445 18
stats: {freemem,"tsung_controller@ip-172-30-3-126"} 1 29358.70703125 0.0 29464.80078125 29358.70703125 29427.35568576389 18
stats: {recvpackets,"tsung_controller@ip-172-30-3-126"} 1 13944.0 0.0 13944 282 4635.705882352941 17
stats: {sentpackets,"tsung_controller@ip-172-30-3-126"} 1 9104.0 0.0 9104 210 3096.3529411764707 17
stats: {cpu,"tsung_controller@ip-172-30-3-126"} 1 2.2908366533864544 0.0 2.2908366533864544 0.16135037855281123 0.9396548460541455 18
stats: session 201 16534.46553001594 9454.10328799686 61014.823974609375 210.9140625 13870.8446942777 1157
stats: users_count 271 1770
stats: finish_users_count 201 1358
stats: request 1679 196.6885396697252 101.24558530542234 536.179931640625 5.869140625 78.05602411470953 10723
stats: 302 487 3441
stats: connect 266 0.7507562852443608 0.2115068633530444 74.735107421875 0.552978515625 0.8775339158397265 1499
stats: page 1628 202.97108658174338 112.15099806997024 875.38720703125 5.869140625 80.91739578232307 10338
stats: 200 1192 8961
stats: size_rcv 11163744 85593440
stats: newphase 1 6
stats: size_sent 1211766 8939653
stats: connected 68 411
# stats: dump at 1448763824
stats: users 565 565
stats: {load,"tsung_controller@ip-172-30-3-126"} 1 0.16015625 0.0 0.26953125 0.0 0.12109375 19
stats: {freemem,"tsung_controller@ip-172-30-3-126"} 1 29351.5625 0.0 29464.80078125 29351.5625 29423.74259868421 19
stats: {recvpackets,"tsung_controller@ip-172-30-3-126"} 1 14591.0 0.0 14591 282 5152.833333333333 18
stats: {sentpackets,"tsung_controller@ip-172-30-3-126"} 1 9932.0 0.0 9932 210 3430.1111111111113 18
stats: {cpu,"tsung_controller@ip-172-30-3-126"} 1 2.468212415856395 0.0 2.468212415856395 0.16135037855281123 1.0107696780190039 19
stats: session 215 14831.308450672239 9152.489985345566 61014.823974609375 210.9140625 14265.09196083395 1358
stats: users_count 368 2138
stats: finish_users_count 215 1573
stats: connect 419 0.7339613010889027 0.3477014491216999 74.735107421875 0.552978515625 0.8584274853930595 1765
stats: page 2190 454.2399424095677 319.89135777310446 1629.046875 0.639892578125 97.52306255663832 11966
stats: request 2270 439.25427730072937 294.15681238063377 973.635986328125 0.072998046875 94.11665898141422 12402
stats: 302 452 3893
stats: 200 1158 10119
stats: size_rcv 10940598 96534038
stats: newphase 0 6
stats: size_sent 1525026 10464679
stats: connected 129 540
stats: error_connection_closed 1 1
stats: 503 653 653
# stats: dump at 1448763834
stats: users 664 664
stats: {load,"tsung_controller@ip-172-30-3-126"} 1 0.2109375 0.0 0.26953125 0.0 0.123046875 20
stats: {freemem,"tsung_controller@ip-172-30-3-126"} 1 29342.2578125 0.0 29464.80078125 29342.2578125 29420.13359375 20
stats: {recvpackets,"tsung_controller@ip-172-30-3-126"} 1 15018.0 0.0 15018 282 5649.578947368421 19
stats: {sentpackets,"tsung_controller@ip-172-30-3-126"} 1 11324.0 0.0 11324 210 3772.315789473684 19
stats: {cpu,"tsung_controller@ip-172-30-3-126"} 1 2.9419097481924705 0.0 2.9419097481924705 0.16135037855281123 1.0836418149108735 20
stats: session 294 15794.884085518974 10212.164998436865 61014.823974609375 210.9140625 14342.483280169761 1573
stats: users_count 393 2531
stats: finish_users_count 294 1867
stats: request 2940 358.0893500710825 294.833172051238 973.635986328125 0.072998046875 147.51513182661907 14672
stats: 302 623 4516
stats: connect 513 0.7798603496588696 1.005721168815703 74.735107421875 0.549072265625 0.8345486707303115 2184
stats: page 2829 372.92498919533216 318.2680685976254 1640.051025390625 0.6298828125 152.7088471623119 14156
stats: 200 1153 11272
stats: size_rcv 10668394 107202432
stats: newphase 0 6
stats: size_sent 1971546 12436225
stats: connected 101 641
stats: error_connection_closed 1 2
stats: 503 1150 1803
# stats: dump at 1448763844
stats: users 760 764
stats: {load,"tsung_controller@ip-172-30-3-126"} 1 0.1796875 0.0 0.26953125 0.0 0.12723214285714285 21
stats: {freemem,"tsung_controller@ip-172-30-3-126"} 1 29321.375 0.0 29464.80078125 29321.375 29416.425223214286 21
stats: {recvpackets,"tsung_controller@ip-172-30-3-126"} 1 16726.0 0.0 16726 282 6118.0 20
stats: {sentpackets,"tsung_controller@ip-172-30-3-126"} 1 13233.0 0.0 13233 210 4149.9 20
stats: {cpu,"tsung_controller@ip-172-30-3-126"} 1 3.2741814546363406 0.0 3.2741814546363406 0.16135037855281123 1.1721307641147591 21
stats: session 352 15863.37221665816 9477.55557903324 61014.823974609375 210.9140625 14571.195565532733 1867
stats: users_count 448 2979
stats: finish_users_count 352 2219
stats: connect 613 0.727578491410073 0.3116513169048429 74.735107421875 0.51904296875 0.8241463315721174 2697
stats: page 3298 320.47946864695376 297.2935909037138 1640.051025390625 0.614990234375 189.38776772818852 16985
stats: request 3420 309.57980143229133 282.3710501659077 973.635986328125 0.046142578125 182.6666308976344 17612
stats: 302 723 5239
stats: 200 1168 12440
stats: size_rcv 10778048 117980480
stats: newphase 0 6
stats: size_sent 2292916 14729141
stats: connected 102 743
stats: error_connection_closed 6 8
stats: 503 1517 3320
# stats: dump at 1448763854
stats: users 809 812
stats: {load,"tsung_controller@ip-172-30-3-126"} 1 0.1484375 0.0 0.26953125 0.0 0.12961647727272727 22
stats: {freemem,"tsung_controller@ip-172-30-3-126"} 1 29313.09375 0.0 29464.80078125 29313.09375 29412.104758522728 22
stats: {recvpackets,"tsung_controller@ip-172-30-3-126"} 1 17256.0 0.0 17256 282 6623.142857142857 21
stats: {sentpackets,"tsung_controller@ip-172-30-3-126"} 1 14229.0 0.0 14229 210 4582.428571428572 21
stats: {cpu,"tsung_controller@ip-172-30-3-126"} 1 3.672599649034846 0.0 3.672599649034846 0.16135037855281123 1.267678522774831 22
stats: session 408 18062.808086918834 10166.955748499922 61014.823974609375 210.9140625 14776.173565170475 2219
stats: users_count 457 3436
stats: finish_users_count 408 2627
stats: request 3735 281.08765929603743 268.27510000177296 973.635986328125 0.046142578125 203.30389997468492 21032
stats: connect 598 0.8210637019230772 0.9743844185302116 74.735107421875 0.51904296875 0.8062623176689955 3310
stats: page 3579 293.31741773845755 283.8732461223597 1640.051025390625 0.614990234375 210.70317618009838 20283
stats: 302 808 6047
stats: 200 1172 13612
stats: size_rcv 11293872 129274352
stats: newphase 1 7
stats: size_sent 2498247 17227388
stats: connected 38 781
stats: error_connection_closed 7 15
stats: 503 1743 5063
# stats: dump at 1448763864
stats: users 826 860
stats: {load,"tsung_controller@ip-172-30-3-126"} 1 0.19921875 0.0 0.26953125 0.0 0.13043478260869565 23
stats: {freemem,"tsung_controller@ip-172-30-3-126"} 1 29308.40234375 0.0 29464.80078125 29308.40234375 29407.799932065216 23
stats: {recvpackets,"tsung_controller@ip-172-30-3-126"} 1 18268.0 0.0 18268 282 7106.454545454545 22
stats: {sentpackets,"tsung_controller@ip-172-30-3-126"} 1 15420.0 0.0 15420 210 5020.909090909091 22
stats: {cpu,"tsung_controller@ip-172-30-3-126"} 1 4.130679684566279 0.0 4.130679684566279 0.16135037855281123 1.3722403108730925 23
stats: session 471 16900.221316845786 10068.114061381437 61014.823974609375 210.9140625 15286.621560934973 2627
stats: users_count 488 3924
stats: finish_users_count 471 3098
stats: request 4068 261.0899212892546 301.9149956681023 1318.547119140625 0.046142578125 215.03411926104388 24767
stats: connect 658 0.7120097893712005 0.2637286616819683 74.735107421875 0.51904296875 0.8085272173066467 3908
stats: page 3903 272.5946383641193 318.7741394291038 1664.903076171875 0.593994140625 223.09427376359378 23862
stats: 302 806 6853
stats: 200 1033 14645
stats: size_rcv 9754170 139028522
stats: newphase 0 7
stats: size_sent 2641530 19868918
stats: connected 11 792
stats: error_connection_closed 5 20
stats: 503 2219 7282
# stats: dump at 1448763874
stats: users 837 860
stats: {load,"tsung_controller@ip-172-30-3-126"} 1 0.171875 0.0 0.26953125 0.0 0.13330078125 24
stats: {freemem,"tsung_controller@ip-172-30-3-126"} 1 29298.50390625 0.0 29464.80078125 29298.50390625 29403.658365885418 24
stats: {recvpackets,"tsung_controller@ip-172-30-3-126"} 1 17313.0 0.0 18268 282 7591.739130434783 23
stats: {sentpackets,"tsung_controller@ip-172-30-3-126"} 1 15337.0 0.0 15420 210 5473.04347826087 23
stats: {cpu,"tsung_controller@ip-172-30-3-126"} 1 4.018585960065302 0.0 4.130679684566279 0.16135037855281123 1.4871752847769752 24
stats: session 445 17001.227036516873 10023.345846061418 62826.885986328125 210.9140625 15531.942892450143 3098
stats: users_count 456 4380
stats: finish_users_count 445 3543
stats: connect 577 0.8315108115792892 0.9809015823410033 74.735107421875 0.51904296875 0.7946182230925591 4566
stats: page 3580 279.44937866892906 291.3679694636392 1664.903076171875 0.593994140625 230.05267185600695 27765
stats: request 3751 266.8838472501073 271.12867518655855 1318.547119140625 0.046142578125 221.531605047441 28835
stats: 302 824 7677
stats: 200 1057 15702
stats: size_rcv 10082287 149110809
stats: newphase 0 7
stats: size_sent 2449704 22318622
stats: connected 2 794
stats: error_connection_closed 6 26
stats: 503 1862 9144
# stats: dump at 1448763884
stats: users 695 860
stats: {load,"tsung_controller@ip-172-30-3-126"} 1 0.140625 0.0 0.26953125 0.0 0.13484375 25
stats: {freemem,"tsung_controller@ip-172-30-3-126"} 1 29286.18359375 0.0 29464.80078125 29286.18359375 29399.4521875 25
stats: {recvpackets,"tsung_controller@ip-172-30-3-126"} 1 18161.0 0.0 18268 282 7996.791666666667 24
stats: {sentpackets,"tsung_controller@ip-172-30-3-126"} 1 15480.0 0.0 15480 210 5884.041666666667 24
stats: {cpu,"tsung_controller@ip-172-30-3-126"} 1 4.28391959798995 0.0 4.28391959798995 0.16135037855281123 1.5884317117885083 25
stats: session 472 18394.129492290926 10631.697711204484 62826.885986328125 210.9140625 15716.484649184462 3543
stats: users_count 330 4710
stats: finish_users_count 472 4015
stats: request 3773 278.9922458012739 276.0482033010683 1318.547119140625 0.046142578125 226.7521371932153 32586
stats: page 3611 291.53636261975214 293.29113848072944 1664.903076171875 0.593994140625 235.69440771149462 31345
stats: connect 505 0.727196782178218 0.29193535421411554 74.735107421875 0.51904296875 0.7987572515889315 5143
stats: 302 882 8559
stats: 200 1062 16764
stats: size_rcv 10506782 159617591
stats: newphase 1 8
stats: size_sent 2584812 24903434
stats: connected -111 683
stats: error_connection_closed 6 32
stats: 503 1822 10966
# stats: dump at 1448763894
stats: users 401 860
stats: {load,"tsung_controller@ip-172-30-3-126"} 1 0.12109375 0.0 0.26953125 0.0 0.13506610576923078 26
stats: {freemem,"tsung_controller@ip-172-30-3-126"} 1 29282.0546875 0.0 29464.80078125 29282.0546875 29395.095703125 26
stats: {recvpackets,"tsung_controller@ip-172-30-3-126"} 1 16646.0 0.0 18268 282 8403.36 25
stats: {sentpackets,"tsung_controller@ip-172-30-3-126"} 1 13627.0 0.0 15480 210 6267.88 25
stats: {cpu,"tsung_controller@ip-172-30-3-126"} 1 3.802852139104328 0.0 4.28391959798995 0.16135037855281123 1.6921043227962562 26
stats: session 401 20767.644603091863 9211.363012436686 62826.885986328125 210.9140625 16031.266309445045 4015
stats: users_count 107 4817
stats: finish_users_count 401 4416
stats: connect 158 0.7535075899920884 0.24087056915673508 74.735107421875 0.51904296875 0.7923588739238447 5648
stats: page 2284 377.2573912398414 227.030486665664 1664.903076171875 0.593994140625 241.46295386018778 34956
stats: request 2397 359.0237976507091 202.0199212471305 1318.547119140625 0.046142578125 232.17313143888228 36359
stats: 302 1030 9589
stats: 200 1044 17808
stats: size_rcv 11190090 170807681
stats: newphase 0 8
stats: size_sent 1860155 26763589
stats: connected -272 411
stats: error_connection_closed 2 34
stats: 503 321 11287
# stats: dump at 1448763904
stats: users 222 860
stats: {load,"tsung_controller@ip-172-30-3-126"} 1 0.1796875 0.0 0.26953125 0.0 0.13454861111111113 27
stats: {freemem,"tsung_controller@ip-172-30-3-126"} 1 29281.2734375 0.0 29464.80078125 29281.2734375 29390.90899884259 27
stats: {recvpackets,"tsung_controller@ip-172-30-3-126"} 1 15399.0 0.0 18268 282 8720.384615384615 26
stats: {sentpackets,"tsung_controller@ip-172-30-3-126"} 1 10806.0 0.0 15480 210 6550.923076923077 26
stats: {cpu,"tsung_controller@ip-172-30-3-126"} 1 2.9444791016843417 0.0 4.28391959798995 0.16135037855281123 1.7702801678447033 27
stats: session 274 22424.43099819656 9373.077238945438 62826.885986328125 210.9140625 16461.35863185274 4416
stats: users_count 95 4912
stats: finish_users_count 274 4690
stats: request 1410 38.75298405640513 38.672839388099916 1318.547119140625 0.046142578125 240.01865334283906 38756
stats: connect 97 0.7703190439755153 0.09012690460543299 74.735107421875 0.51904296875 0.7913016050879478 5806
stats: page 1365 40.067059259100276 41.087199670784216 1664.903076171875 0.593994140625 249.79148487455754 37240
stats: 302 632 10221
stats: 200 778 18586
stats: size_rcv 8152807 178960488
stats: newphase 0 8
stats: size_sent 1117383 27880972
stats: connected -186 225
stats: error_connection_closed 0 34
stats: 503 0 11287
# stats: dump at 1448763914
stats: users 176 860
stats: {load,"tsung_controller@ip-172-30-3-126"} 1 0.1484375 0.0 0.26953125 0.0 0.1361607142857143 28
stats: {freemem,"tsung_controller@ip-172-30-3-126"} 1 29296.91796875 0.0 29464.80078125 29281.2734375 29386.99344308036 28
stats: {recvpackets,"tsung_controller@ip-172-30-3-126"} 1 9020.0 0.0 18268 282 8967.74074074074 27
stats: {sentpackets,"tsung_controller@ip-172-30-3-126"} 1 6452.0 0.0 15480 210 6708.518518518518 27
stats: {cpu,"tsung_controller@ip-172-30-3-126"} 1 2.1863354037267078 0.0 4.28391959798995 0.16135037855281123 1.8122158440532619 28
stats: session 149 21921.59509523123 11556.90213323289 62826.885986328125 210.9140625 16809.73428822336 4690
stats: users_count 103 5015
stats: finish_users_count 149 4839
stats: request 996 31.895586006133925 33.506521332792204 1318.547119140625 0.046142578125 232.95335947006427 40166
stats: connect 104 0.7613994891826923 0.08466965149789991 74.735107421875 0.51904296875 0.7909568128758682 5903
stats: page 952 33.37423193154216 35.84506947754535 1664.903076171875 0.593994140625 242.37602467600556 38605
stats: 302 338 10559
stats: 200 658 19244
stats: size_rcv 6633646 185594134
stats: newphase 0 8
stats: size_sent 754846 28635818
stats: connected -51 174
stats: error_connection_closed 0 34
stats: 503 0 11287
# stats: dump at 1448763924
stats: users 148 860
stats: {load,"tsung_controller@ip-172-30-3-126"} 1 0.12890625 0.0 0.26953125 0.0 0.13658405172413796 29
stats: {freemem,"tsung_controller@ip-172-30-3-126"} 1 29344.16015625 0.0 29464.80078125 29281.2734375 29383.88739224138 29
stats: {recvpackets,"tsung_controller@ip-172-30-3-126"} 1 8072.0 0.0 18268 282 8969.607142857143 28
stats: {sentpackets,"tsung_controller@ip-172-30-3-126"} 1 5432.0 0.0 15480 210 6699.357142857143 28
stats: {cpu,"tsung_controller@ip-172-30-3-126"} 1 2.150403977625855 0.0 4.28391959798995 0.16135037855281123 1.8251165185247602 29
stats: session 120 18461.465484619148 11366.66222270601 62826.885986328125 210.9140625 16967.136077899777 4839
stats: users_count 92 5107
stats: finish_users_count 120 4959
stats: request 787 30.87985272146999 32.6130442532551 1318.547119140625 0.046142578125 228.08834945184176 41162
stats: connect 90 0.7643717447916667 0.10432191215662544 74.735107421875 0.51904296875 0.7904450829500999 6007
stats: page 754 32.23546068105527 34.53015868681975 1664.903076171875 0.593994140625 237.34607531956476 39557
stats: 302 266 10825
stats: 200 521 19765
stats: size_rcv 5223575 190817709
stats: newphase 1 9
stats: size_sent 589342 29225160
stats: connected -30 144
stats: error_connection_closed 0 34
stats: 503 0 11287
# stats: dump at 1448763934
stats: users 153 860
stats: {load,"tsung_controller@ip-172-30-3-126"} 1 0.1796875 0.0 0.26953125 0.0 0.13632812500000002 30
stats: {freemem,"tsung_controller@ip-172-30-3-126"} 1 29347.0234375 0.0 29464.80078125 29281.2734375 29382.563151041668 30
stats: {recvpackets,"tsung_controller@ip-172-30-3-126"} 1 7.7e3 0.0 18268 282 8938.655172413793 29
stats: {sentpackets,"tsung_controller@ip-172-30-3-126"} 1 4941.0 0.0 15480 210 6655.6551724137935 29
stats: {cpu,"tsung_controller@ip-172-30-3-126"} 1 1.2419274714356683 0.0 4.28391959798995 0.16135037855281123 1.83595943382813 30
stats: session 94 16275.853245511968 12101.503251755823 62826.885986328125 210.9140625 17003.296499115007 4959
stats: users_count 99 5206
stats: finish_users_count 94 5053
stats: request 907 36.25514687198526 35.33634830329593 1318.547119140625 0.046142578125 224.3885452389451 41949
stats: connect 105 0.8211751302083334 0.4481139415872892 74.735107421875 0.51904296875 0.7900602050701164 6097
stats: page 861 38.19701836527294 37.89547770721139 1664.903076171875 0.593994140625 233.50956906972138 40311
stats: 302 266 11091
stats: 200 641 20406
stats: size_rcv 6525198 197342907
stats: newphase 0 9
stats: size_sent 671432 29896592
stats: connected 12 156
stats: error_connection_closed 0 34
stats: 503 0 11287
# stats: dump at 1448763944
stats: users 160 860
stats: {load,"tsung_controller@ip-172-30-3-126"} 1 0.1484375 0.0 0.26953125 0.0 0.13772681451612906 31
stats: {freemem,"tsung_controller@ip-172-30-3-126"} 1 29353.3046875 0.0 29464.80078125 29281.2734375 29381.416708669356 31
stats: {recvpackets,"tsung_controller@ip-172-30-3-126"} 1 7356.0 0.0 18268 282 8897.366666666667 30
stats: {sentpackets,"tsung_controller@ip-172-30-3-126"} 1 4904.0 0.0 15480 210 6598.5 30
stats: {cpu,"tsung_controller@ip-172-30-3-126"} 1 1.2672381662318302 0.0 4.28391959798995 0.16135037855281123 1.8167971124606312 31
stats: session 104 15575.507570706883 7778.588777280679 62826.885986328125 210.9140625 16989.76401032841 5053
stats: users_count 111 5317
stats: finish_users_count 104 5157
stats: connect 109 0.7682814291857798 0.08356687176802445 74.735107421875 0.51904296875 0.790586981455075 6202
stats: request 795 33.839684674724836 33.3754740407775 1318.547119140625 0.046142578125 220.40690924121242 42856
stats: page 771 34.89599007731435 34.90687662005708 1664.903076171875 0.593994140625 229.42514018221215 41172
stats: 302 233 11324
stats: 200 562 20968
stats: size_rcv 5472056 202814963
stats: newphase 0 9
stats: size_sent 580243 30476835
stats: connected 4 160
stats: error_connection_closed 0 34
stats: 503 0 11287
# stats: dump at 1448763954
stats: users 123 860
stats: {load,"tsung_controller@ip-172-30-3-126"} 1 0.12890625 0.0 0.26953125 0.0 0.13806152343750003 32
stats: {freemem,"tsung_controller@ip-172-30-3-126"} 1 29362.0546875 0.0 29464.80078125 29281.2734375 29380.538208007813 32
stats: {recvpackets,"tsung_controller@ip-172-30-3-126"} 1 6979.0 0.0 18268 282 8847.645161290322 31
stats: {sentpackets,"tsung_controller@ip-172-30-3-126"} 1 4671.0 0.0 15480 210 6543.8387096774195 31
stats: {cpu,"tsung_controller@ip-172-30-3-126"} 1 1.1812981845312112 0.0 4.28391959798995 0.16135037855281123 1.799623395390981 32
stats: session 85 14583.660756548714 8516.800555583111 62826.885986328125 210.9140625 16961.243035009302 5157
stats: users_count 48 5365
stats: finish_users_count 85 5242
stats: connect 51 0.8288143382352942 0.4182719611065933 74.735107421875 0.51904296875 0.7902017326518183 6311
stats: request 765 36.10500344669118 37.64565707559171 1318.547119140625 0.046142578125 217.00902732486782 43651
stats: page 728 37.9447765979138 39.776186543640705 1664.903076171875 0.593994140625 225.8492878413954 41943
stats: 302 258 11582
stats: 200 507 21475
stats: size_rcv 5457776 208272739
stats: newphase 0 9
stats: size_sent 605102 31081937
stats: connected -35 125
stats: error_connection_closed 0 34
stats: 503 0 11287
# stats: dump at 1448763964
stats: users 41 860
stats: {load,"tsung_controller@ip-172-30-3-126"} 1 0.19140625 0.0 0.26953125 0.0 0.13778409090909094 33
stats: {freemem,"tsung_controller@ip-172-30-3-126"} 1 29362.58203125 0.0 29464.80078125 29281.2734375 29379.978101325756 33
stats: {recvpackets,"tsung_controller@ip-172-30-3-126"} 1 5541.0 0.0 18268 282 8789.25 32
stats: {sentpackets,"tsung_controller@ip-172-30-3-126"} 1 3574.0 0.0 15480 210 6485.3125 32
stats: {cpu,"tsung_controller@ip-172-30-3-126"} 1 1.006711409395973 0.0 4.28391959798995 0.16135037855281123 1.7808862677891697 33
stats: session 82 20097.06895781726 7585.047009500032 62826.885986328125 210.9140625 16922.690098407023 5242
stats: users_count 0 5365
stats: finish_users_count 82 5324
stats: connect 0 0 0 74.735107421875 0.51904296875 0.7905112646990923 6362
stats: request 348 26.04138674681214 27.96397671225082 1318.547119140625 0.046142578125 213.89322269890408 44416
stats: page 331 27.38417113151436 30.223095105823177 1664.903076171875 0.593994140625 222.64349270687185 42671
stats: 302 159 11741
stats: 200 189 21664
stats: size_rcv 2387398 210660137
stats: newphase 0 9
stats: size_sent 305694 31387631
stats: connected -83 42
stats: error_connection_closed 0 34
stats: 503 0 11287
# stats: dump at 1448763974
stats: users 11 860
stats: {load,"tsung_controller@ip-172-30-3-126"} 1 0.16015625 0.0 0.26953125 0.0 0.13936121323529416 34
stats: {freemem,"tsung_controller@ip-172-30-3-126"} 1 29376.7109375 0.0 29464.80078125 29281.2734375 29379.46645220588 34
stats: {recvpackets,"tsung_controller@ip-172-30-3-126"} 1 1802.0 0.0 18268 282 8690.818181818182 33
stats: {sentpackets,"tsung_controller@ip-172-30-3-126"} 1 1269.0 0.0 15480 210 6397.090909090909 33
stats: {cpu,"tsung_controller@ip-172-30-3-126"} 1 0.44714942243199607 0.0 4.28391959798995 0.16135037855281123 1.7581164190128993 34
stats: session 30 26743.182047526043 7062.226306646907 62826.885986328125 210.9140625 16971.581733732277 5324
stats: users_count 0 5365
stats: finish_users_count 30 5354
stats: request 92 17.574683147927985 22.04525893292783 1318.547119140625 0.046142578125 212.43284295376674 44764
stats: connect 0 0 0 74.735107421875 0.51904296875 0.7905112646990923 6362
stats: page 88 18.3779990456321 24.346891575767486 1664.903076171875 0.593994140625 221.1405199278978 43002
stats: 302 58 11799
stats: 200 34 21698
stats: size_rcv 415568 211075705
stats: newphase 0 9
stats: size_sent 83193 31470824
stats: connected -31 11
stats: error_connection_closed 0 34
stats: 503 0 11287
# stats: dump at 1448763984
stats: users 3 860
stats: {load,"tsung_controller@ip-172-30-3-126"} 1 0.140625 0.0 0.26953125 0.0 0.1399553571428572 35
stats: {freemem,"tsung_controller@ip-172-30-3-126"} 1 29380.1796875 0.0 29464.80078125 29281.2734375 29379.387723214284 35
stats: {recvpackets,"tsung_controller@ip-172-30-3-126"} 1 273.0 0.0 18268 273 8488.20588235294 34
stats: {sentpackets,"tsung_controller@ip-172-30-3-126"} 1 232.0 0.0 15480 210 6246.264705882353 34
stats: {cpu,"tsung_controller@ip-172-30-3-126"} 1 0.17382666997765084 0.0 4.28391959798995 0.16135037855281123 1.720660219110588 35
stats: session 8 31409.656677246094 3178.4242376442066 62826.885986328125 210.9140625 17026.334817298546 5354
stats: users_count 0 5365
stats: finish_users_count 8 5362
stats: page 12 9.947408040364584 3.1754224940701263 1664.903076171875 0.593994140625 220.72643076944712 43090
stats: request 12 9.947408040364584 3.1754224940701263 1318.547119140625 0.046142578125 212.03318737364063 44856
stats: connect 0 0 0 74.735107421875 0.51904296875 0.7905112646990923 6362
stats: 302 8 11807
stats: 200 4 21702
stats: size_rcv 46529 211122234
stats: newphase 0 9
stats: size_sent 10458 31481282
stats: connected -8 3
stats: error_connection_closed 0 34
stats: 503 0 11287
# stats: dump at 1448763991
stats: users 0 860
stats: {load,"tsung_controller@ip-172-30-3-126"} 1 0.12109375 0.0 0.26953125 0.0 0.13997395833333337 36
stats: {freemem,"tsung_controller@ip-172-30-3-126"} 1 29381.32421875 0.0 29464.80078125 29281.2734375 29379.409722222223 36
stats: {recvpackets,"tsung_controller@ip-172-30-3-126"} 1 29.0 0.0 18268 29 8253.485714285714 35
stats: {sentpackets,"tsung_controller@ip-172-30-3-126"} 1 35.0 0.0 15480 35 6074.428571428572 35
stats: {cpu,"tsung_controller@ip-172-30-3-126"} 1 0.11175959269837327 0.0 4.28391959798995 0.11175959269837327 1.677692620523562 36
stats: session 3 43714.86238606771 2440.98985410036 62826.885986328125 210.9140625 17047.794454538303 5362
stats: users_count 0 5365
stats: finish_users_count 3 5365
stats: request 3 7.523681640625 0.05277655527584056 1318.547119140625 0.046142578125 211.97913929144397 44868
stats: page 3 7.523681640625 0.05277655527584056 1664.903076171875 0.593994140625 220.66774791777553 43102
stats: connect 0 0 0 74.735107421875 0.51904296875 0.7905112646990923 6362
stats: 302 3 11810
stats: 200 0 21702
stats: size_rcv 297 211122531
stats: newphase 0 9
stats: size_sent 2699 31483981
stats: connected -3 0
stats: error_connection_closed 0 34
stats: 503 0 11287
EndMonitor:{1448,763991,191979}
