# stats: dump at 1448762307
stats: users 5 5
stats: {load,"tsung_controller@ip-172-30-3-126"} 1 0.0 0 0.0 0.0 0 0
stats: {freemem,"tsung_controller@ip-172-30-3-126"} 1 29468.53125 0 29468.53125 29468.53125 0 0
stats: {cpu,"tsung_controller@ip-172-30-3-126"} 1 0.7909014802361937 0 0.7909014802361937 0.7909014802361937 0 0
stats: users_count 5 5
stats: finish_users_count 0 0
stats: request 18 35.143513997395836 34.09604619708548 88.316162109375 7.580078125 0 0
stats: connect 5 14.46591796875 27.411991898750074 69.289794921875 0.68896484375 0 0
stats: page 18 35.143513997395836 34.09604619708548 88.316162109375 7.580078125 0 0
stats: 302 4 4
stats: 200 14 14
stats: size_rcv 95355 95355
stats: size_sent 10056 10056
stats: connected 5 5
# stats: dump at 1448762317
stats: users 15 16
stats: {load,"tsung_controller@ip-172-30-3-126"} 1 0.0 0.0 0.0 0.0 0.0 1
stats: {freemem,"tsung_controller@ip-172-30-3-126"} 1 29466.1015625 0.0 29468.53125 29466.1015625 29468.53125 1
stats: {recvpackets,"tsung_controller@ip-172-30-3-126"} 1 354 0 354 354 0 0
stats: {sentpackets,"tsung_controller@ip-172-30-3-126"} 1 233 0 233 233 0 0
stats: {cpu,"tsung_controller@ip-172-30-3-126"} 1 0.24841634579555336 0.0 0.7909014802361937 0.24841634579555336 0.7909014802361937 1
stats: session 1 6524.22314453125 0 6524.22314453125 6524.22314453125 0 0
stats: users_count 11 16
stats: finish_users_count 1 1
stats: request 70 48.04100864955357 83.99491396560926 560.875 6.142822265625 35.143513997395836 18
stats: connect 11 0.7002840909090909 0.05777836879128987 69.289794921875 0.5478515625 14.46591796875 5
stats: 302 19 23
stats: page 68 49.45656810087315 85.38918194445442 560.875 6.142822265625 35.143513997395836 18
stats: 200 51 65
stats: size_rcv 456949 552304
stats: size_sent 50372 60428
stats: connected 11 16
# stats: dump at 1448762327
stats: users 16 17
stats: {load,"tsung_controller@ip-172-30-3-126"} 1 0.0 0.0 0.0 0.0 0.0 2
stats: {freemem,"tsung_controller@ip-172-30-3-126"} 1 29462.95703125 0.0 29468.53125 29462.95703125 29467.31640625 2
stats: {recvpackets,"tsung_controller@ip-172-30-3-126"} 1 561.0 0.0 561 354 354.0 1
stats: {sentpackets,"tsung_controller@ip-172-30-3-126"} 1 369.0 0.0 369 233 233.0 1
stats: {cpu,"tsung_controller@ip-172-30-3-126"} 1 0.1737835153922542 0.0 0.7909014802361937 0.1737835153922542 0.5196589130158735 2
stats: session 12 12232.505635579428 6546.774804097869 26924.23095703125 3672.85205078125 6524.22314453125 1
stats: users_count 13 29
stats: finish_users_count 12 13
stats: request 100 30.055549316406236 30.39834115528955 560.875 6.142822265625 45.40288474343039 88
stats: 302 27 50
stats: connect 11 0.7329323508522727 0.11192628118870243 69.289794921875 0.5478515625 5.002044677734375 16
stats: page 94 31.977697494182166 32.41116685511874 560.875 6.142822265625 46.46081259084301 86
stats: 200 73 138
stats: size_rcv 733456 1285760
stats: size_sent 74439 134867
stats: connected -1 15
# stats: dump at 1448762337
stats: users 21 25
stats: {load,"tsung_controller@ip-172-30-3-126"} 1 0.0 0.0 0.0 0.0 0.0 3
stats: {freemem,"tsung_controller@ip-172-30-3-126"} 1 29460.66015625 0.0 29468.53125 29460.66015625 29465.86328125 3
stats: {recvpackets,"tsung_controller@ip-172-30-3-126"} 1 826.0 0.0 826 354 457.5 2
stats: {sentpackets,"tsung_controller@ip-172-30-3-126"} 1 570.0 0.0 570 233 301.0 2
stats: {cpu,"tsung_controller@ip-172-30-3-126"} 1 0.2111276701440636 0.0 0.7909014802361937 0.1737835153922542 0.40436711380800044 3
stats: session 10 11309.710131835938 8919.040517749512 29319.130126953125 939.942138671875 11793.406982421875 13
stats: users_count 15 44
stats: finish_users_count 10 23
stats: request 107 31.716568706191588 30.645646713160563 560.875 6.142822265625 37.2394084524601 188
stats: 302 26 76
stats: connect 16 0.704681396484375 0.07055600043933656 69.289794921875 0.5478515625 3.2627766927083335 27
stats: page 101 33.60417311262376 32.6577643444898 560.875 6.142822265625 38.897408040364574 180
stats: 200 81 219
stats: size_rcv 745522 2031282
stats: newphase 1 1
stats: size_sent 74225 209092
stats: connected 7 22
# stats: dump at 1448762347
stats: users 23 25
stats: {load,"tsung_controller@ip-172-30-3-126"} 1 0.0 0.0 0.0 0.0 0.0 4
stats: {freemem,"tsung_controller@ip-172-30-3-126"} 1 29460.0234375 0.0 29468.53125 29460.0234375 29464.5625 4
stats: {recvpackets,"tsung_controller@ip-172-30-3-126"} 1 947.0 0.0 947 354 580.3333333333334 3
stats: {sentpackets,"tsung_controller@ip-172-30-3-126"} 1 645.0 0.0 645 233 390.6666666666667 3
stats: {cpu,"tsung_controller@ip-172-30-3-126"} 1 0.22349143282840825 0.0 0.7909014802361937 0.1737835153922542 0.35605725289201623 4
stats: session 16 14214.143814086914 8166.189025454221 30773.598876953125 531.924072265625 11583.10400390625 23
stats: users_count 18 62
stats: finish_users_count 16 39
stats: request 123 29.74319185086382 31.175407278950725 560.875 6.142822265625 35.23620895127118 295
stats: 302 32 108
stats: connect 19 0.6867290296052632 0.069121292826199 69.289794921875 0.5478515625 2.3109272801598837 43
stats: page 117 31.271557408520298 32.87631831120825 560.875 6.142822265625 36.99485740797375 281
stats: 200 91 310
stats: size_rcv 839329 2870611
stats: newphase 0 1
stats: size_sent 84660 293752
stats: connected 1 23
# stats: dump at 1448762357
stats: users 25 26
stats: {load,"tsung_controller@ip-172-30-3-126"} 1 0.0 0.0 0.0 0.0 0.0 5
stats: {freemem,"tsung_controller@ip-172-30-3-126"} 1 29459.80859375 0.0 29468.53125 29459.80859375 29463.6546875 5
stats: {recvpackets,"tsung_controller@ip-172-30-3-126"} 1 1054.0 0.0 1054 354 672.0 4
stats: {sentpackets,"tsung_controller@ip-172-30-3-126"} 1 722.0 0.0 722 233 454.25 4
stats: {cpu,"tsung_controller@ip-172-30-3-126"} 1 0.21115389392622036 0.0 0.7909014802361937 0.1737835153922542 0.32954408887929465 5
stats: session 17 11731.23991842831 7643.988191331908 30773.598876953125 438.948974609375 12662.504951672676 39
stats: users_count 19 81
stats: finish_users_count 17 56
stats: request 136 30.245144114774817 29.669936358557262 560.875 6.142822265625 33.61984267531399 418
stats: connect 18 0.6562635633680556 0.042205385429528515 69.289794921875 0.5478515625 1.8131891066028225 62
stats: page 130 31.64373497596154 31.38876110850581 560.875 6.142822265625 35.31237976994346 398
stats: 302 40 148
stats: 200 96 406
stats: size_rcv 925217 3795828
stats: newphase 0 1
stats: size_sent 99727 393479
stats: connected 2 25
# stats: dump at 1448762367
stats: users 38 38
stats: {load,"tsung_controller@ip-172-30-3-126"} 1 0.0 0.0 0.0 0.0 0.0 6
stats: {freemem,"tsung_controller@ip-172-30-3-126"} 1 29459.9375 0.0 29468.53125 29459.80859375 29463.013671875 6
stats: {recvpackets,"tsung_controller@ip-172-30-3-126"} 1 1093.0 0.0 1093 354 748.4 5
stats: {sentpackets,"tsung_controller@ip-172-30-3-126"} 1 754.0 0.0 754 233 507.8 5
stats: {cpu,"tsung_controller@ip-172-30-3-126"} 1 0.285466054362666 0.0 0.7909014802361937 0.1737835153922542 0.30981238972044894 6
stats: session 16 11320.458694458008 6121.884813364068 30773.598876953125 438.948974609375 12379.799495152065 56
stats: users_count 29 110
stats: finish_users_count 16 72
stats: 302 41 189
stats: request 161 31.44322138247284 43.920028648590524 560.875 6.142822265625 32.791396819297155 554
stats: connect 28 0.6790945870535714 0.05827361904562 69.289794921875 0.5478515625 1.552880859375 80
stats: page 151 33.529146510244225 46.204522227092454 560.875 6.142822265625 34.409114953243375 528
stats: 200 120 526
stats: size_rcv 1055770 4851598
stats: newphase 1 2
stats: size_sent 109977 503456
stats: connected 11 36
# stats: dump at 1448762377
stats: users 60 66
stats: {load,"tsung_controller@ip-172-30-3-126"} 1 0.0 0.0 0.0 0.0 0.0 7
stats: {freemem,"tsung_controller@ip-172-30-3-126"} 1 29456.33984375 0.0 29468.53125 29456.33984375 29462.57421875 7
stats: {recvpackets,"tsung_controller@ip-172-30-3-126"} 1 1413.0 0.0 1413 354 805.8333333333334 6
stats: {sentpackets,"tsung_controller@ip-172-30-3-126"} 1 969.0 0.0 969 233 548.8333333333334 6
stats: {cpu,"tsung_controller@ip-172-30-3-126"} 1 0.2609019754006709 0.0 0.7909014802361937 0.1737835153922542 0.3063343418121942 7
stats: session 24 12610.486389160156 8312.252740067968 30773.598876953125 298.97607421875 12144.390428331164 72
stats: users_count 46 156
stats: finish_users_count 24 96
stats: request 287 31.78914926774827 31.103010518484407 560.875 5.652099609375 32.48782165100525 715
stats: connect 48 0.7245890299479164 0.4242144194925022 69.289794921875 0.5478515625 1.326343677662037 108
stats: page 280 32.58538905552455 31.929989515363808 560.875 5.652099609375 34.213422412900414 679
stats: 302 71 260
stats: 200 216 742
stats: size_rcv 1865784 6717382
stats: newphase 0 2
stats: size_sent 196711 700167
stats: connected 26 62
# stats: dump at 1448762387
stats: users 57 66
stats: {load,"tsung_controller@ip-172-30-3-126"} 1 0.0 0.0 0.0 0.0 0.0 8
stats: {freemem,"tsung_controller@ip-172-30-3-126"} 1 29449.234375 0.0 29468.53125 29449.234375 29461.794921875 8
stats: {recvpackets,"tsung_controller@ip-172-30-3-126"} 1 2394.0 0.0 2394 354 892.5714285714286 7
stats: {sentpackets,"tsung_controller@ip-172-30-3-126"} 1 1612.0 0.0 1612 233 608.8571428571429 7
stats: {cpu,"tsung_controller@ip-172-30-3-126"} 1 0.49677098857426727 0.0 0.7909014802361937 0.1737835153922542 0.3006552960107538 8
stats: session 30 13884.432649739583 8304.70193984705 46817.623046875 298.97607421875 12260.914418538412 96
stats: users_count 27 183
stats: finish_users_count 30 126
stats: page 309 37.29121235967841 48.361027914826074 560.875 5.652099609375 33.73808420636732 959
stats: request 324 35.561976303288944 46.67056758176432 560.875 5.652099609375 32.28770291448354 1002
stats: connect 27 0.6743525752314815 0.037165175082009866 69.289794921875 0.5478515625 1.1411884014423077 156
stats: 302 104 364
stats: 200 220 962
stats: size_rcv 2328835 9046217
stats: newphase 0 2
stats: size_sent 253983 954150
stats: connected -3 59
# stats: dump at 1448762397
stats: users 89 89
stats: {load,"tsung_controller@ip-172-30-3-126"} 1 0.0 0.0 0.0 0.0 0.0 9
stats: {freemem,"tsung_controller@ip-172-30-3-126"} 1 29445.89453125 0.0 29468.53125 29445.89453125 29460.399305555555 9
stats: {recvpackets,"tsung_controller@ip-172-30-3-126"} 1 2590.0 0.0 2590 354 1080.25 8
stats: {sentpackets,"tsung_controller@ip-172-30-3-126"} 1 1738.0 0.0 1738 233 734.25 8
stats: {cpu,"tsung_controller@ip-172-30-3-126"} 1 0.6077896303646738 0.0 0.7909014802361937 0.1737835153922542 0.3224459285178109 9
stats: session 41 16343.651831650155 9116.507549717577 46817.623046875 298.97607421875 12647.466378348214 126
stats: users_count 73 256
stats: finish_users_count 41 167
stats: request 452 30.10811648748617 29.75549408421224 560.875 5.652099609375 33.08775161582061 1326
stats: connect 71 0.6454149702904931 0.05044293132071559 69.289794921875 0.5478515625 1.0723109844603824 183
stats: page 438 31.072653017087617 31.137297163730683 560.875 5.652099609375 34.60394903237136 1268
stats: 302 119 483
stats: 200 333 1295
stats: size_rcv 3016845 12063062
stats: newphase 1 3
stats: size_sent 312722 1266872
stats: connected 28 87
# stats: dump at 1448762407
stats: users 110 110
stats: {load,"tsung_controller@ip-172-30-3-126"} 1 0.0 0.0 0.0 0.0 0.0 10
stats: {freemem,"tsung_controller@ip-172-30-3-126"} 1 29441.21875 0.0 29468.53125 29441.21875 29458.948828125 10
stats: {recvpackets,"tsung_controller@ip-172-30-3-126"} 1 3867.0 0.0 3867 354 1248.0 9
stats: {sentpackets,"tsung_controller@ip-172-30-3-126"} 1 2604.0 0.0 2604 233 845.7777777777778 9
stats: {cpu,"tsung_controller@ip-172-30-3-126"} 1 0.6833146974779476 0.0 0.7909014802361937 0.1737835153922542 0.35098029870249714 10
stats: session 66 12385.142156427557 8198.170087713359 46817.623046875 216.9609375 13554.91310640438 167
stats: users_count 87 343
stats: finish_users_count 66 233
stats: connect 84 0.6686808268229167 0.07392765225250464 69.289794921875 0.5419921875 0.952981783649114 254
stats: request 604 32.17136206216371 33.0835271661164 560.875 5.652099609375 32.330274069134916 1778
stats: page 572 33.97474766444493 35.48346100298413 560.875 5.652099609375 33.69732086432079 1706
stats: 302 163 646
stats: 200 441 1736
stats: size_rcv 4222520 16285582
stats: newphase 0 3
stats: size_sent 435008 1701880
stats: connected 19 106
# stats: dump at 1448762417
stats: users 122 122
stats: {load,"tsung_controller@ip-172-30-3-126"} 1 0.0 0.0 0.0 0.0 0.0 11
stats: {freemem,"tsung_controller@ip-172-30-3-126"} 1 29433.56640625 0.0 29468.53125 29433.56640625 29457.337002840908 11
stats: {recvpackets,"tsung_controller@ip-172-30-3-126"} 1 5129.0 0.0 5129 354 1509.9 10
stats: {sentpackets,"tsung_controller@ip-172-30-3-126"} 1 3373.0 0.0 3373 233 1021.6 10
stats: {cpu,"tsung_controller@ip-172-30-3-126"} 1 0.7959209053600298 0.0 0.7959209053600298 0.1737835153922542 0.38119251677299265 11
stats: session 71 12376.410898987677 8537.41601198951 46817.623046875 216.9609375 13223.561678513948 233
stats: users_count 83 426
stats: finish_users_count 71 304
stats: request 566 30.64044987439267 31.273200361841262 560.875 5.652099609375 32.28997900103643 2382
stats: connect 83 0.7103315606174697 0.5973137842120357 69.289794921875 0.535888671875 0.8823271079881657 338
stats: page 542 32.00001711687036 33.071558366930695 560.875 5.652099609375 33.76698202747751 2278
stats: 302 153 799
stats: 200 413 2149
stats: size_rcv 3969453 20255035
stats: newphase 0 3
stats: size_sent 399697 2101577
stats: connected 13 119
# stats: dump at 1448762427
stats: users 158 162
stats: {load,"tsung_controller@ip-172-30-3-126"} 1 0.0 0.0 0.0 0.0 0.0 12
stats: {freemem,"tsung_controller@ip-172-30-3-126"} 1 29426.66015625 0.0 29468.53125 29426.66015625 29455.356119791668 12
stats: {recvpackets,"tsung_controller@ip-172-30-3-126"} 1 5051.0 0.0 5129 354 1838.909090909091 11
stats: {sentpackets,"tsung_controller@ip-172-30-3-126"} 1 3427.0 0.0 3427 233 1235.3636363636363 11
stats: {cpu,"tsung_controller@ip-172-30-3-126"} 1 0.8330225040407807 0.0 0.8330225040407807 0.1737835153922542 0.4157532158219124 12
stats: session 88 13261.141526655718 8705.998639375306 46817.623046875 216.9609375 13025.70738461143 304
stats: users_count 124 550
stats: finish_users_count 88 392
stats: connect 127 0.6547409418061021 0.13216832089370542 69.289794921875 0.535888671875 0.8484182471051069 421
stats: page 768 35.050405502319336 35.55104357787904 560.875 5.652099609375 33.42737387799202 2820
stats: request 800 33.64586425781247 33.90140717608658 560.875 5.652099609375 31.973278361389088 2948
stats: 302 206 1005
stats: 200 594 2743
stats: size_rcv 5449689 25704724
stats: newphase 1 4
stats: size_sent 558500 2660077
stats: connected 41 160
# stats: dump at 1448762437
stats: users 198 201
stats: {load,"tsung_controller@ip-172-30-3-126"} 1 0.0 0.0 0.0 0.0 0.0 13
stats: {freemem,"tsung_controller@ip-172-30-3-126"} 1 29421.2265625 0.0 29468.53125 29421.2265625 29453.14873798077 13
stats: {recvpackets,"tsung_controller@ip-172-30-3-126"} 1 6509.0 0.0 6509 354 2106.5833333333335 12
stats: {sentpackets,"tsung_controller@ip-172-30-3-126"} 1 4552.0 0.0 4552 233 1418.0 12
stats: {cpu,"tsung_controller@ip-172-30-3-126"} 1 1.15527950310559 0.0 1.15527950310559 0.1737835153922542 0.4478508533772099 13
stats: session 94 12166.010770757153 8159.442811960158 46817.623046875 216.9609375 13078.55994711117 392
stats: users_count 134 684
stats: finish_users_count 94 486
stats: request 954 36.66474476300442 33.95030331127504 560.875 5.652099609375 32.330287090614995 3748
stats: connect 133 0.6760749530075191 0.21310945465104486 69.289794921875 0.535888671875 0.803533178176323 548
stats: page 923 37.89844093860043 35.39340109279936 560.875 5.652099609375 33.77477864038984 3588
stats: 302 257 1262
stats: 200 697 3440
stats: size_rcv 6731668 32436392
stats: newphase 0 4
stats: size_sent 682633 3342710
stats: connected 40 200
# stats: dump at 1448762447
stats: users 229 238
stats: {load,"tsung_controller@ip-172-30-3-126"} 1 0.0 0.0 0.0 0.0 0.0 14
stats: {freemem,"tsung_controller@ip-172-30-3-126"} 1 29417.90625 0.0 29468.53125 29417.90625 29450.868582589286 14
stats: {recvpackets,"tsung_controller@ip-172-30-3-126"} 1 8588.0 0.0 8588 354 2445.230769230769 13
stats: {sentpackets,"tsung_controller@ip-172-30-3-126"} 1 5885.0 0.0 5885 233 1659.076923076923 13
stats: {cpu,"tsung_controller@ip-172-30-3-126"} 1 1.3804253202338017 0.0 1.3804253202338017 0.1737835153922542 0.49838147121495135 14
stats: session 133 14305.98673380228 8937.672130045645 46817.623046875 216.9609375 12902.058666087964 486
stats: users_count 164 848
stats: finish_users_count 133 619
stats: request 1186 51.45215523062027 45.812172534994104 560.875 5.652099609375 33.20971555072973 4702
stats: connect 164 0.7943561833079271 1.7852457753134598 69.289794921875 0.52294921875 0.7786404557865272 681
stats: page 1123 54.34227559063339 50.83653625704149 560.875 5.652099609375 34.618525104865206 4511
stats: 302 321 1583
stats: 200 865 4305
stats: size_rcv 8432163 40868555
stats: newphase 0 4
stats: size_sent 847199 4189909
stats: connected 27 227
# stats: dump at 1448762457
stats: users 277 288
stats: {load,"tsung_controller@ip-172-30-3-126"} 1 0.0 0.0 0.0 0.0 0.0 15
stats: {freemem,"tsung_controller@ip-172-30-3-126"} 1 29395.78515625 0.0 29468.53125 29395.78515625 29448.67109375 15
stats: {recvpackets,"tsung_controller@ip-172-30-3-126"} 1 10117.0 0.0 10117 354 2884.0 14
stats: {sentpackets,"tsung_controller@ip-172-30-3-126"} 1 6921.0 0.0 6921 233 1960.9285714285713 14
stats: {cpu,"tsung_controller@ip-172-30-3-126"} 1 1.5290900049726504 0.0 1.5290900049726504 0.1737835153922542 0.5571843944828747 15
stats: session 145 13844.569642376078 9672.542129952299 53166.10009765625 216.9609375 13203.710415693786 619
stats: users_count 193 1041
stats: finish_users_count 145 764
stats: request 1398 75.18258645162726 66.50763814939953 560.875 5.652099609375 36.884228706359856 5888
stats: connect 194 0.6600140443782213 0.22835831025365794 69.289794921875 0.52294921875 0.7816906088202663 845
stats: page 1350 77.85805483217591 72.8752831236286 583.633056640625 5.652099609375 38.54997199792834 5634
stats: 302 384 1967
stats: 200 1014 5319
stats: size_rcv 9730620 50599175
stats: newphase 1 5
stats: size_sent 1000371 5190280
stats: connected 50 277
# stats: dump at 1448762467
stats: users 300 304
stats: {load,"tsung_controller@ip-172-30-3-126"} 1 0.0 0.0 0.0 0.0 0.0 16
stats: {freemem,"tsung_controller@ip-172-30-3-126"} 1 29380.71484375 0.0 29468.53125 29380.71484375 29445.36572265625 16
stats: {recvpackets,"tsung_controller@ip-172-30-3-126"} 1 12475.0 0.0 12475 354 3366.2 15
stats: {sentpackets,"tsung_controller@ip-172-30-3-126"} 1 8466.0 0.0 8466 233 2291.6 15
stats: {cpu,"tsung_controller@ip-172-30-3-126"} 1 1.8294959551960175 0.0 1.8294959551960175 0.1737835153922542 0.6179284951384857 16
stats: session 167 15199.429819072791 8875.84503807912 53166.10009765625 216.9609375 13325.339457407048 764
stats: users_count 190 1231
stats: finish_users_count 167 931
stats: request 1553 113.25234535349935 62.609217019072524 560.875 5.652099609375 44.23271952819404 7286
stats: connect 190 0.7241467927631576 0.5268921796351097 69.289794921875 0.52294921875 0.7589714042949952 1039
stats: page 1491 117.96438232258132 73.1470883239585 583.633056640625 5.652099609375 46.148183885991656 6984
stats: 302 453 2420
stats: 200 1100 6419
stats: size_rcv 10995087 61594262
stats: newphase 0 5
stats: size_sent 1156979 6347259
stats: connected 23 300
# stats: dump at 1448762477
stats: users 318 321
stats: {load,"tsung_controller@ip-172-30-3-126"} 1 0.0 0.0 0.0 0.0 0.0 17
stats: {freemem,"tsung_controller@ip-172-30-3-126"} 1 29379.41796875 0.0 29468.53125 29379.41796875 29441.562729779413 17
stats: {recvpackets,"tsung_controller@ip-172-30-3-126"} 1 13609.0 0.0 13609 354 3935.5 16
stats: {sentpackets,"tsung_controller@ip-172-30-3-126"} 1 8954.0 0.0 8954 233 2677.5 16
stats: {cpu,"tsung_controller@ip-172-30-3-126"} 1 2.025347912524851 0.0 2.025347912524851 0.1737835153922542 0.689197169259517 17
stats: session 173 15762.43733770999 8674.029451745499 53166.10009765625 216.9609375 13661.508190380388 931
stats: users_count 191 1422
stats: finish_users_count 173 1104
stats: request 1530 84.15608037811467 57.65665156438621 560.875 5.652099609375 56.35937174074061 8839
stats: connect 192 0.6727244059244795 0.3690813662534941 69.289794921875 0.52294921875 0.7535876156936534 1229
stats: page 1470 87.44321936782531 64.57585904417546 583.633056640625 5.652099609375 58.78275047819876 8475
stats: 302 465 2885
stats: 200 1065 7484
stats: size_rcv 10505328 72099590
stats: newphase 0 5
stats: size_sent 1138343 7485602
stats: connected 18 318
# stats: dump at 1448762487
stats: users 409 410
stats: {load,"tsung_controller@ip-172-30-3-126"} 1 0.0 0.0 0.0 0.0 0.0 18
stats: {freemem,"tsung_controller@ip-172-30-3-126"} 1 29366.06640625 0.0 29468.53125 29366.06640625 29438.110243055555 18
stats: {recvpackets,"tsung_controller@ip-172-30-3-126"} 1 12963.0 0.0 13609 354 4504.529411764706 17
stats: {sentpackets,"tsung_controller@ip-172-30-3-126"} 1 8735.0 0.0 8954 233 3046.705882352941 17
stats: {cpu,"tsung_controller@ip-172-30-3-126"} 1 2.017183414269705 0.0 2.025347912524851 0.1737835153922542 0.7634277661075911 18
stats: session 178 15115.208605819873 9306.6125832233 53166.10009765625 216.9609375 13990.729877416637 1104
stats: users_count 269 1691
stats: finish_users_count 178 1282
stats: request 1592 265.20355546654173 124.9248767850717 671.136962890625 0.760009765625 60.46092099478462 10369
stats: connect 263 0.6823851146625477 0.47365417189644854 69.289794921875 0.52294921875 0.7426616929099226 1421
stats: page 1535 273.1671518729638 139.7514508189143 1143.220947265625 0.760009765625 63.01913954484039 9945
stats: 302 429 3314
stats: 200 1159 8643
stats: size_rcv 10993348 83092938
stats: newphase 1 6
stats: size_sent 1163940 8649542
stats: connected 85 403
stats: 503 4 4
# stats: dump at 1448762497
stats: users 595 595
stats: {load,"tsung_controller@ip-172-30-3-126"} 1 0.078125 0.0 0.078125 0.0 0.0 19
stats: {freemem,"tsung_controller@ip-172-30-3-126"} 1 29352.45703125 0.0 29468.53125 29352.45703125 29434.318462171053 19
stats: {recvpackets,"tsung_controller@ip-172-30-3-126"} 1 14106.0 0.0 14106 354 4974.444444444444 18
stats: {sentpackets,"tsung_controller@ip-172-30-3-126"} 1 9709.0 0.0 9709 233 3362.722222222222 18
stats: {cpu,"tsung_controller@ip-172-30-3-126"} 1 2.3273179838207843 0.0 2.3273179838207843 0.1737835153922542 0.8294149054845444 19
stats: session 204 16615.068586760885 11358.727042289176 74521.16088867188 216.9609375 14146.858749223016 1282
stats: users_count 390 2081
stats: finish_users_count 204 1486
stats: request 2331 439.9140688889223 287.441274430102 902.182861328125 0.06787109375 87.71200987356042 11961
stats: connect 459 0.6639375042551743 0.5033646757374857 69.289794921875 0.52294921875 0.7332479517703385 1684
stats: page 2252 456.15091207988695 309.6412248799771 1583.728759765625 0.635009765625 91.11819868453286 11480
stats: 302 470 3784
stats: 200 1187 9830
stats: size_rcv 10844495 93937433
stats: newphase 0 6
stats: size_sent 1539507 10189049
stats: connected 170 573
stats: error_connection_closed 1 1
stats: 503 663 667
# stats: dump at 1448762507
stats: users 678 681
stats: {load,"tsung_controller@ip-172-30-3-126"} 1 0.2890625 0.0 0.2890625 0.0 0.00390625 20
stats: {freemem,"tsung_controller@ip-172-30-3-126"} 1 29336.2734375 0.0 29468.53125 29336.2734375 29430.225390625 20
stats: {recvpackets,"tsung_controller@ip-172-30-3-126"} 1 15571.0 0.0 15571 354 5455.0526315789475 19
stats: {sentpackets,"tsung_controller@ip-172-30-3-126"} 1 11817.0 0.0 11817 233 3696.7368421052633 19
stats: {cpu,"tsung_controller@ip-172-30-3-126"} 1 3.040119611263394 0.0 3.040119611263394 0.1737835153922542 0.9043100594013564 20
stats: session 293 15196.94204618174 9195.841239208563 74521.16088867188 216.9609375 14485.697784793489 1486
stats: users_count 376 2457
stats: finish_users_count 293 1779
stats: request 3023 347.27227647928436 291.7339901593999 924.39208984375 0.06787109375 145.15554468777876 14292
stats: connect 515 0.6360640738774271 0.2235805568063256 69.289794921875 0.52294921875 0.7184026435998017 2143
stats: page 2900 361.0037712991656 315.6199093989711 1583.728759765625 0.6240234375 150.98228771499728 13732
stats: 302 642 4426
stats: 200 1154 10984
stats: size_rcv 10990360 104927793
stats: newphase 0 6
stats: size_sent 2050078 12239127
stats: connected 81 654
stats: error_connection_closed 2 3
stats: 503 1217 1884
# stats: dump at 1448762517
stats: users 739 742
stats: {load,"tsung_controller@ip-172-30-3-126"} 1 0.23828125 0.0 0.2890625 0.0 0.017485119047619048 21
stats: {freemem,"tsung_controller@ip-172-30-3-126"} 1 29332.625 0.0 29468.53125 29332.625 29425.751488095237 21
stats: {recvpackets,"tsung_controller@ip-172-30-3-126"} 1 16612.0 0.0 16612 354 5960.85 20
stats: {sentpackets,"tsung_controller@ip-172-30-3-126"} 1 13366.0 0.0 13366 233 4102.75 20
stats: {cpu,"tsung_controller@ip-172-30-3-126"} 1 3.1281281281281283 0.0 3.1281281281281283 0.1737835153922542 1.0060152761566914 21
stats: session 367 16631.808018323198 9165.176374125444 74521.16088867188 216.9609375 14602.839194904089 1779
stats: users_count 428 2885
stats: finish_users_count 367 2146
stats: request 3275 320.9927707538174 275.7868723864027 924.39208984375 0.06787109375 180.44280314609358 17315
stats: connect 525 0.6250851004464277 0.08437881138949715 69.289794921875 0.4580078125 0.7024491584955794 2658
stats: page 3132 336.1332471513794 301.3755095948386 1583.728759765625 0.619140625 187.60219526634938 16632
stats: 302 764 5190
stats: 200 1147 12131
stats: size_rcv 10799017 115726810
stats: newphase 0 6
stats: size_sent 2170035 14409162
stats: connected 58 712
stats: error_connection_closed 2 5
stats: 503 1356 3240
# stats: dump at 1448762527
stats: users 790 799
stats: {load,"tsung_controller@ip-172-30-3-126"} 1 0.28125 0.0 0.2890625 0.0 0.02752130681818182 22
stats: {freemem,"tsung_controller@ip-172-30-3-126"} 1 29317.26953125 0.0 29468.53125 29317.26953125 29421.518465909092 22
stats: {recvpackets,"tsung_controller@ip-172-30-3-126"} 1 17034.0 0.0 17034 354 6468.047619047619 21
stats: {sentpackets,"tsung_controller@ip-172-30-3-126"} 1 13930.0 0.0 13930 233 4543.857142857143 21
stats: {cpu,"tsung_controller@ip-172-30-3-126"} 1 3.2407407407407405 0.0 3.2407407407407405 0.1737835153922542 1.1024749512463021 22
stats: session 407 16875.194956786512 9813.943242677815 74521.16088867188 216.9609375 14949.825009533546 2146
stats: users_count 458 3343
stats: finish_users_count 407 2553
stats: connect 601 0.743229058340266 0.9584948004442916 69.289794921875 0.4580078125 0.6896888284686223 3183
stats: request 3556 296.61990030329474 273.4578069843711 924.39208984375 0.05908203125 202.79837108758437 20590
stats: page 3405 310.15103621741935 296.2853245539672 1583.728759765625 0.615966796875 211.13990294211916 19764
stats: 302 774 5964
stats: 200 1176 13307
stats: size_rcv 10866825 126593635
stats: newphase 1 7
stats: size_sent 2369558 16778720
stats: connected 42 754
stats: error_connection_closed 3 8
stats: 503 1594 4834
# stats: dump at 1448762537
stats: users 853 866
stats: {load,"tsung_controller@ip-172-30-3-126"} 1 0.23828125 0.0 0.2890625 0.0 0.038552989130434784 23
stats: {freemem,"tsung_controller@ip-172-30-3-126"} 1 29316.1796875 0.0 29468.53125 29316.1796875 29416.985903532608 23
stats: {recvpackets,"tsung_controller@ip-172-30-3-126"} 1 18143.0 0.0 18143 354 6948.318181818182 22
stats: {sentpackets,"tsung_controller@ip-172-30-3-126"} 1 15224.0 0.0 15224 233 4970.5 22
stats: {cpu,"tsung_controller@ip-172-30-3-126"} 1 3.754693366708386 0.0 3.754693366708386 0.1737835153922542 1.1954430290504081 23
stats: session 454 17527.767858295178 11328.35017432327 74521.16088867188 179.94091796875 15256.76804460286 2553
stats: users_count 517 3860
stats: finish_users_count 454 3007
stats: request 4041 260.9923868120329 258.3838153728275 924.39208984375 0.05908203125 216.6155398895005 24146
stats: connect 669 0.6545311624159197 0.6172965284441522 69.289794921875 0.4580078125 0.6981924432024643 3784
stats: page 3888 271.4961139066715 274.6299757025707 1583.728759765625 0.615966796875 225.69093703087555 23169
stats: 302 891 6855
stats: 200 1174 14481
stats: size_rcv 10810250 137403885
stats: newphase 0 7
stats: size_sent 2643049 19421769
stats: connected 69 823
stats: error_connection_closed 6 14
stats: 503 1964 6798
# stats: dump at 1448762547
stats: users 899 900
stats: {load,"tsung_controller@ip-172-30-3-126"} 1 0.28125 0.0 0.2890625 0.0 0.046875 24
stats: {freemem,"tsung_controller@ip-172-30-3-126"} 1 29315.17578125 0.0 29468.53125 29315.17578125 29412.78564453125 24
stats: {recvpackets,"tsung_controller@ip-172-30-3-126"} 1 18608.0 0.0 18608 354 7435.04347826087 23
stats: {sentpackets,"tsung_controller@ip-172-30-3-126"} 1 16362.0 0.0 16362 233 5416.304347826087 23
stats: {cpu,"tsung_controller@ip-172-30-3-126"} 1 4.2885721430357595 0.0 4.2885721430357595 0.1737835153922542 1.3020784597861572 24
stats: session 466 17263.10804846767 9655.450849273499 74521.16088867188 179.94091796875 15599.645967920555 3007
stats: users_count 512 4372
stats: finish_users_count 466 3473
stats: request 4000 251.7260855102539 262.7152882263413 924.39208984375 0.05908203125 222.97758049027226 28187
stats: connect 649 0.7008852260689522 0.6535978479742053 69.289794921875 0.4580078125 0.6916329559250787 4453
stats: page 3845 261.72451679839884 278.10617182176713 1583.728759765625 0.60205078125 232.2729870620355 27057
stats: 302 847 7702
stats: 200 1099 15580
stats: size_rcv 10257854 147661739
stats: newphase 0 7
stats: size_sent 2628768 22050537
stats: connected 39 862
stats: error_connection_closed 7 21
stats: 503 2048 8846
# stats: dump at 1448762557
stats: users 781 909
stats: {load,"tsung_controller@ip-172-30-3-126"} 1 0.30859375 0.0 0.30859375 0.0 0.05625 25
stats: {freemem,"tsung_controller@ip-172-30-3-126"} 1 29313.3046875 0.0 29468.53125 29313.3046875 29408.88125 25
stats: {recvpackets,"tsung_controller@ip-172-30-3-126"} 1 18727.0 0.0 18727 354 7900.583333333333 24
stats: {sentpackets,"tsung_controller@ip-172-30-3-126"} 1 16496.0 0.0 16496 233 5872.375 24
stats: {cpu,"tsung_controller@ip-172-30-3-126"} 1 4.200100300902708 0.0 4.2885721430357595 0.1737835153922542 1.421538207116141 25
stats: session 470 17744.337580514457 9556.903076068837 74521.16088867188 179.94091796875 15822.845890044067 3473
stats: users_count 352 4724
stats: finish_users_count 470 3943
stats: request 4110 256.39810467276845 267.2325757360455 924.39208984375 0.05908203125 226.5502657383515 32187
stats: connect 555 0.6774048951295045 0.30575401901268956 69.289794921875 0.4580078125 0.6928098911119415 5102
stats: page 3962 265.83842974320555 281.7279192173997 1583.728759765625 0.60205078125 235.93751142409351 30902
stats: 302 880 8582
stats: 200 1117 16697
stats: size_rcv 11034185 158695924
stats: newphase 1 8
stats: size_sent 2810247 24860784
stats: connected -102 760
stats: error_connection_closed 7 28
stats: 503 2104 10950
# stats: dump at 1448762567
stats: users 455 909
stats: {load,"tsung_controller@ip-172-30-3-126"} 1 0.26953125 0.0 0.30859375 0.0 0.06595552884615384 26
stats: {freemem,"tsung_controller@ip-172-30-3-126"} 1 29313.234375 0.0 29468.53125 29313.234375 29405.205228365383 26
stats: {recvpackets,"tsung_controller@ip-172-30-3-126"} 1 17731.0 0.0 18727 354 8333.64 25
stats: {sentpackets,"tsung_controller@ip-172-30-3-126"} 1 14954.0 0.0 16496 233 6297.32 25
stats: {cpu,"tsung_controller@ip-172-30-3-126"} 1 4.049844236760125 0.0 4.2885721430357595 0.1737835153922542 1.528405979954086 26
stats: session 413 20241.614431607504 9003.872757805308 74521.16088867188 179.94091796875 16051.88497057186 3943
stats: users_count 87 4811
stats: finish_users_count 413 4356
stats: request 2610 373.2864101599916 209.83063777299375 924.39208984375 0.05908203125 229.93001111732093 36297
stats: connect 179 0.6332298577164807 0.10091721851436349 69.289794921875 0.4580078125 0.6912985294767545 5657
stats: page 2460 396.0352009098703 242.5674998935442 1583.728759765625 0.60205078125 239.33549898663142 34864
stats: 302 1078 9660
stats: 200 991 17688
stats: size_rcv 10716460 169412384
stats: newphase 0 8
stats: size_sent 2025669 26886453
stats: connected -302 458
stats: error_connection_closed 2 30
stats: 503 533 11483
# stats: dump at 1448762577
stats: users 263 909
stats: {load,"tsung_controller@ip-172-30-3-126"} 1 0.21875 0.0 0.30859375 0.0 0.07349537037037036 27
stats: {freemem,"tsung_controller@ip-172-30-3-126"} 1 29316.0390625 0.0 29468.53125 29313.234375 29401.798900462964 27
stats: {recvpackets,"tsung_controller@ip-172-30-3-126"} 1 15301.0 0.0 18727 354 8695.076923076924 26
stats: {sentpackets,"tsung_controller@ip-172-30-3-126"} 1 11075.0 0.0 16496 233 6630.2692307692305 26
stats: {cpu,"tsung_controller@ip-172-30-3-126"} 1 2.7027027027027026 0.0 4.2885721430357595 0.1737835153922542 1.6217925820580132 27
stats: session 304 23411.25095487896 9713.094724399418 74521.16088867188 179.94091796875 16449.12056915031 4356
stats: users_count 112 4923
stats: finish_users_count 304 4660
stats: request 1564 76.48433488226289 92.63848778920183 924.39208984375 0.05908203125 239.5467947681131 38907
stats: connect 111 0.6593820382882883 0.17983161437714554 69.289794921875 0.4580078125 0.6895174650070682 5836
stats: page 1501 80.83699050893135 107.14283529395367 1583.728759765625 0.60205078125 249.6634720530543 37324
stats: 302 743 10403
stats: 200 821 18509
stats: size_rcv 8535086 177947470
stats: newphase 0 8
stats: size_sent 1224534 28110987
stats: connected -193 265
stats: error_connection_closed 0 30
stats: 503 0 11483
# stats: dump at 1448762587
stats: users 187 909
stats: {load,"tsung_controller@ip-172-30-3-126"} 1 0.19140625 0.0 0.30859375 0.0 0.07868303571428571 28
stats: {freemem,"tsung_controller@ip-172-30-3-126"} 1 29315.203125 0.0 29468.53125 29313.234375 29398.73604910714 28
stats: {recvpackets,"tsung_controller@ip-172-30-3-126"} 1 9889.0 0.0 18727 354 8939.740740740743 27
stats: {sentpackets,"tsung_controller@ip-172-30-3-126"} 1 7203.0 0.0 16496 233 6794.888888888889 27
stats: {cpu,"tsung_controller@ip-172-30-3-126"} 1 1.7432449259120908 0.0 4.2885721430357595 0.1737835153922542 1.6603965149381807 28
stats: session 195 22382.7682053786 12897.850110445665 74521.16088867188 179.94091796875 16903.302465558358 4660
stats: users_count 119 5042
stats: finish_users_count 195 4855
stats: request 1086 34.97041694542762 36.39290246867815 924.39208984375 0.05908203125 233.24525323809235 40471
stats: connect 118 0.659390724311441 0.24965475156738318 69.289794921875 0.4580078125 0.6889549910931982 5947
stats: page 1038 36.59057358464293 39.26392079038271 1583.728759765625 0.60205078125 243.13652939245603 38825
stats: 302 381 10784
stats: 200 705 19214
stats: size_rcv 7089115 185036585
stats: newphase 0 8
stats: size_sent 804551 28915538
stats: connected -80 185
stats: error_connection_closed 0 30
stats: 503 0 11483
# stats: dump at 1448762597
stats: users 160 909
stats: {load,"tsung_controller@ip-172-30-3-126"} 1 0.16015625 0.0 0.30859375 0.0 0.08257004310344827 29
stats: {freemem,"tsung_controller@ip-172-30-3-126"} 1 29346.31640625 0.0 29468.53125 29313.234375 29395.855603448275 29
stats: {recvpackets,"tsung_controller@ip-172-30-3-126"} 1 8472.0 0.0 18727 354 8973.642857142859 28
stats: {sentpackets,"tsung_controller@ip-172-30-3-126"} 1 5862.0 0.0 16496 233 6809.464285714285 28
stats: {cpu,"tsung_controller@ip-172-30-3-126"} 1 1.3424487259167184 0.0 4.2885721430357595 0.1737835153922542 1.6632533566959016 29
stats: session 126 18126.838586232017 11983.647756561482 74521.16088867188 179.94091796875 17123.383993728276 4855
stats: users_count 99 5141
stats: finish_users_count 126 4981
stats: request 959 40.369300754773846 41.82902094746984 924.39208984375 0.05908203125 228.06378026810333 41557
stats: connect 102 0.68929993872549 0.3414830613921506 69.289794921875 0.4580078125 0.6883797918384171 6065
stats: page 893 43.17883341790314 46.1106645892013 1583.728759765625 0.60205078125 237.75824120219164 39863
stats: 302 287 11071
stats: 200 672 19886
stats: size_rcv 7057325 192093910
stats: newphase 1 9
stats: size_sent 721380 29636918
stats: connected -23 162
stats: error_connection_closed 0 30
stats: 503 0 11483
# stats: dump at 1448762607
stats: users 147 909
stats: {load,"tsung_controller@ip-172-30-3-126"} 1 0.140625 0.0 0.30859375 0.0 0.08515625 30
stats: {freemem,"tsung_controller@ip-172-30-3-126"} 1 29376.9609375 0.0 29468.53125 29313.234375 29394.204296875 30
stats: {recvpackets,"tsung_controller@ip-172-30-3-126"} 1 7909.0 0.0 18727 354 8956.344827586208 29
stats: {sentpackets,"tsung_controller@ip-172-30-3-126"} 1 5322.0 0.0 16496 233 6776.793103448276 29
stats: {cpu,"tsung_controller@ip-172-30-3-126"} 1 1.2431626056688214 0.0 4.2885721430357595 0.1737835153922542 1.6525598690032621 30
stats: session 102 14793.658124138326 9838.527746905693 74521.16088867188 179.94091796875 17148.76750680908 4981
stats: users_count 89 5230
stats: finish_users_count 102 5083
stats: request 734 31.77946917042742 32.420764571293546 924.39208984375 0.05908203125 223.8301033969658 42516
stats: connect 88 0.8026261763139204 1.4552957935728672 69.289794921875 0.4580078125 0.6883950107426625 6167
stats: page 704 33.36323894153942 34.75999143095484 1583.728759765625 0.60205078125 233.49483431360173 40756
stats: 302 229 11300
stats: 200 505 20391
stats: size_rcv 5010076 197103986
stats: newphase 0 9
stats: size_sent 544175 30181093
stats: connected -16 146
stats: error_connection_closed 0 30
stats: 503 0 11483
# stats: dump at 1448762617
stats: users 156 909
stats: {load,"tsung_controller@ip-172-30-3-126"} 1 0.12109375 0.0 0.30859375 0.0 0.08694556451612903 31
stats: {freemem,"tsung_controller@ip-172-30-3-126"} 1 29384.60546875 0.0 29468.53125 29313.234375 29393.648059475807 31
stats: {recvpackets,"tsung_controller@ip-172-30-3-126"} 1 6276.0 0.0 18727 354 8921.433333333332 30
stats: {sentpackets,"tsung_controller@ip-172-30-3-126"} 1 4367.0 0.0 16496 233 6728.3 30
stats: {cpu,"tsung_controller@ip-172-30-3-126"} 1 1.0942551604078588 0.0 4.2885721430357595 0.1737835153922542 1.6393535056698931 31
stats: session 90 15705.364388020833 10353.741571716637 74521.16088867188 179.94091796875 17101.507786755486 5083
stats: users_count 99 5329
stats: finish_users_count 90 5173
stats: request 853 34.1690497806455 34.04946418867162 924.39208984375 0.05908203125 220.57079321147958 43250
stats: connect 101 0.734196124690594 0.49380792345579344 69.289794921875 0.4580078125 0.690002099882594 6255
stats: page 816 35.72127039292277 36.17922957576301 1583.728759765625 0.60205078125 230.0965554148576 41460
stats: 302 238 11538
stats: 200 615 21006
stats: size_rcv 6183271 203287257
stats: newphase 0 9
stats: size_sent 624996 30806089
stats: connected 8 154
stats: error_connection_closed 0 30
stats: 503 0 11483
# stats: dump at 1448762627
stats: users 115 909
stats: {load,"tsung_controller@ip-172-30-3-126"} 1 0.1015625 0.0 0.30859375 0.0 0.0880126953125 32
stats: {freemem,"tsung_controller@ip-172-30-3-126"} 1 29383.14453125 0.0 29468.53125 29313.234375 29393.365478515625 32
stats: {recvpackets,"tsung_controller@ip-172-30-3-126"} 1 7185.0 0.0 18727 354 8836.09677419355 31
stats: {sentpackets,"tsung_controller@ip-172-30-3-126"} 1 4811.0 0.0 16496 233 6652.129032258064 31
stats: {cpu,"tsung_controller@ip-172-30-3-126"} 1 1.0675273088381332 0.0 4.2885721430357595 0.1737835153922542 1.6223191823804546 32
stats: session 113 17243.344558040633 10393.725617958391 74521.16088867188 179.94091796875 17077.21764450029 5173
stats: users_count 72 5401
stats: finish_users_count 113 5286
stats: request 812 34.15741507995304 34.14730944962965 924.39208984375 0.05908203125 216.96558070560692 44103
stats: connect 75 0.6416308593749999 0.05744448483529424 69.289794921875 0.4580078125 0.6907043649086493 6356
stats: page 774 35.83731497042548 36.15476190111324 1583.728759765625 0.60205078125 226.34477585723866 42276
stats: 302 275 11813
stats: 200 537 21543
stats: size_rcv 5596650 208883907
stats: newphase 0 9
stats: size_sent 626149 31432238
stats: connected -34 120
stats: error_connection_closed 0 30
stats: 503 0 11483
# stats: dump at 1448762637
stats: users 50 909
stats: {load,"tsung_controller@ip-172-30-3-126"} 1 0.078125 0.0 0.30859375 0.0 0.08842329545454546 33
stats: {freemem,"tsung_controller@ip-172-30-3-126"} 1 29409.50390625 0.0 29468.53125 29313.234375 29393.055752840908 33
stats: {recvpackets,"tsung_controller@ip-172-30-3-126"} 1 6093.0 0.0 18727 354 8784.5 32
stats: {sentpackets,"tsung_controller@ip-172-30-3-126"} 1 3952.0 0.0 16496 233 6594.59375 32
stats: {cpu,"tsung_controller@ip-172-30-3-126"} 1 0.8448254441545533 0.0 4.2885721430357595 0.1737835153922542 1.6055073074246267 33
stats: session 65 17839.621247746396 7029.528828694056 74521.16088867188 179.94091796875 17080.768976552896 5286
stats: users_count 0 5401
stats: finish_users_count 65 5351
stats: request 368 37.51806441597314 59.77692667194933 924.39208984375 0.05908203125 213.66066630088622 44915
stats: connect 0 0 0 69.289794921875 0.4580078125 0.6901320568826776 6431
stats: page 341 40.49357072489 63.05413156993385 1583.728759765625 0.60205078125 222.91962429564995 43050
stats: 302 153 11966
stats: 200 215 21758
stats: size_rcv 2707828 211591735
stats: newphase 0 9
stats: size_sent 322042 31754280
stats: connected -68 52
stats: error_connection_closed 0 30
stats: 503 0 11483
# stats: dump at 1448762647
stats: users 12 909
stats: {load,"tsung_controller@ip-172-30-3-126"} 1 0.140625 0.0 0.30859375 0.0 0.0881204044117647 34
stats: {freemem,"tsung_controller@ip-172-30-3-126"} 1 29410.59375 0.0 29468.53125 29313.234375 29393.539522058825 34
stats: {recvpackets,"tsung_controller@ip-172-30-3-126"} 1 2167.0 0.0 18727 354 8702.939393939394 33
stats: {sentpackets,"tsung_controller@ip-172-30-3-126"} 1 1487.0 0.0 16496 233 6514.515151515152 33
stats: {cpu,"tsung_controller@ip-172-30-3-126"} 1 1.4280392400347697 0.0 4.2885721430357595 0.1737835153922542 1.583134311446095 34
stats: session 38 24962.524426912005 5897.740125852073 74521.16088867188 179.94091796875 17089.986954057582 5351
stats: users_count 0 5401
stats: finish_users_count 38 5389
stats: request 109 18.474535460865816 22.14444107925329 924.39208984375 0.05908203125 212.2292134931295 45283
stats: connect 0 0 0 69.289794921875 0.4580078125 0.6901320568826776 6431
stats: page 105 19.180791945684526 24.103865956000895 1583.728759765625 0.60205078125 221.48597943225366 43391
stats: 302 63 12029
stats: 200 46 21804
stats: size_rcv 561406 212153141
stats: newphase 0 9
stats: size_sent 97619 31851899
stats: connected -39 13
stats: error_connection_closed 0 30
stats: 503 0 11483
# stats: dump at 1448762657
stats: users 4 909
stats: {load,"tsung_controller@ip-172-30-3-126"} 1 0.12109375 0.0 0.30859375 0.0 0.08962053571428572 35
stats: {freemem,"tsung_controller@ip-172-30-3-126"} 1 29411.54296875 0.0 29468.53125 29313.234375 29394.026785714286 35
stats: {recvpackets,"tsung_controller@ip-172-30-3-126"} 1 684.0 0.0 18727 354 8510.70588235294 34
stats: {sentpackets,"tsung_controller@ip-172-30-3-126"} 1 551.0 0.0 16496 233 6366.64705882353 34
stats: {cpu,"tsung_controller@ip-172-30-3-126"} 1 0.27312228429546864 0.0 4.2885721430357595 0.1737835153922542 1.5787030236914856 35
stats: session 8 35277.52362060547 9274.957922369123 74521.16088867188 179.94091796875 17145.499372682276 5389
stats: users_count 0 5401
stats: finish_users_count 8 5397
stats: request 14 10.661812918526786 5.020514945315095 924.39208984375 0.05908203125 211.76394957205272 45392
stats: connect 0 0 0 69.289794921875 0.4580078125 0.6901320568826776 6431
stats: page 14 10.661812918526786 5.020514945315095 1583.728759765625 0.60205078125 220.99761165852527 43496
stats: 302 12 12041
stats: 200 2 21806
stats: size_rcv 25540 212178681
stats: newphase 0 9
stats: size_sent 12777 31864676
stats: connected -9 4
stats: error_connection_closed 0 30
stats: 503 0 11483
# stats: dump at 1448762667
stats: users 0 909
stats: {load,"tsung_controller@ip-172-30-3-126"} 1 0.1015625 0.0 0.30859375 0.0 0.09049479166666667 36
stats: {freemem,"tsung_controller@ip-172-30-3-126"} 1 29411.87890625 0.0 29468.53125 29313.234375 29394.513346354168 36
stats: {recvpackets,"tsung_controller@ip-172-30-3-126"} 1 40.0 0.0 18727 40 8287.085714285715 35
stats: {sentpackets,"tsung_controller@ip-172-30-3-126"} 1 53.0 0.0 16496 53 6200.4857142857145 35
stats: {cpu,"tsung_controller@ip-172-30-3-126"} 1 0.09929254064788381 0.0 4.2885721430357595 0.09929254064788381 1.5424368920415963 36
stats: session 4 38446.743225097656 3561.3674067566826 74521.16088867188 179.94091796875 17172.376562599522 5397
stats: users_count 0 5401
stats: finish_users_count 4 5401
stats: request 5 8.78193359375 2.1872451982601335 924.39208984375 0.05908203125 211.70194389189703 45406
stats: connect 0 0 0 69.289794921875 0.4580078125 0.6901320568826776 6431
stats: page 5 8.78193359375 2.1872451982601335 1583.728759765625 0.60205078125 220.92993293679785 43510
stats: 302 4 12045
stats: 200 1 21807
stats: size_rcv 11830 212190511
stats: newphase 0 9
stats: size_sent 4411 31869087
stats: connected -4 0
stats: error_connection_closed 0 30
stats: 503 0 11483
# stats: dump at 1448762669
stats: users 0 909
stats: {load,"tsung_controller@ip-172-30-3-126"} 0 0 0 0.30859375 0.0 0.09079391891891891 37
stats: {freemem,"tsung_controller@ip-172-30-3-126"} 0 0 0 29468.53125 29313.234375 29394.98268581081 37
stats: {recvpackets,"tsung_controller@ip-172-30-3-126"} 0 0 0 18727 40 8058.0 36
stats: {sentpackets,"tsung_controller@ip-172-30-3-126"} 0 0 0 16496 53 6029.722222222223 36
stats: {cpu,"tsung_controller@ip-172-30-3-126"} 0 0 0 4.2885721430357595 0.09929254064788381 1.503432990652577 37
stats: session 0 0 0 74521.16088867188 179.94091796875 17188.13243496575 5401
stats: users_count 0 5401
stats: finish_users_count 0 5401
stats: request 0 0 0 924.39208984375 0.05908203125 211.6796012865483 45411
stats: connect 0 0 0 69.289794921875 0.4580078125 0.6901320568826776 6431
stats: page 0 0 0 1583.728759765625 0.60205078125 220.90555651494986 43515
stats: 302 0 12045
stats: 200 0 21807
stats: size_rcv 0 212190511
stats: newphase 0 9
stats: size_sent 0 31869087
stats: connected 0 0
stats: error_connection_closed 0 30
stats: 503 0 11483
EndMonitor:{1448,762669,342484}
